1633991054459	geckodriver	INFO	Listening on 127.0.0.1:49299
1633991143167	geckodriver	INFO	Listening on 127.0.0.1:49862
1633991281159	geckodriver	INFO	Listening on 127.0.0.1:63608
1633993374479	geckodriver	INFO	Listening on 127.0.0.1:57455
1633993377507	mozrunner::runner	INFO	Running command: "C:\\Program Files\\Mozilla Firefox\\firefox.exe" "--marionette" "-no-remote" "-profile" "C:\\Users\\FEDERICO\\AppData\\Local\\Temp\\rust_mozprofilezVDfxJ"
1633993377948	Marionette	INFO	Marionette enabled
console.warn: SearchSettings: "get: No settings file exists, new profile?" (new NotFoundError("Could not open the file at C:\\Users\\FEDERICO\\AppData\\Local\\Temp\\rust_mozprofilezVDfxJ\\search.json.mozlz4", (void 0)))
1633993380975	Marionette	INFO	Listening on port 56483
1633993381214	RemoteAgent	WARN	TLS certificate errors will be ignored for this session
JavaScript warning: https://web.whatsapp.com/bootstrap_qr.d3ab17b51a79359ce87d.js, line 56: unreachable code after return statement
JavaScript warning: https://web.whatsapp.com/bootstrap_qr.d3ab17b51a79359ce87d.js, line 56: unreachable code after return statement
JavaScript error: https://web.whatsapp.com/serviceworker.js, line 1: TypeError: Cache.put: Cache got basic response with bad status 206 while trying to add request https://web.whatsapp.com/sequential-ptt-middle_7fa161964e93db72b8d00ae22189d75f.mp3
JavaScript error: https://web.whatsapp.com/serviceworker.js, line 1: TypeError: Cache.put: Cache got basic response with bad status 206 while trying to add request https://web.whatsapp.com/sequential-ptt-end_62ed28be622237546fd39f9468a76a49.mp3
JavaScript error: https://web.whatsapp.com/serviceworker.js, line 1: TypeError: Cache.put: Cache got basic response with bad status 206 while trying to add request https://web.whatsapp.com/notification_2a485d84012c106acef03b527bb54635.mp3
1633993423452	Marionette	INFO	Stopped listening on port 56483
JavaScript error: resource:///modules/Interactions.jsm, line 201: NS_ERROR_FAILURE: Component returned failure code: 0x80004005 (NS_ERROR_FAILURE) [nsIUserIdleService.removeIdleObserver]
console.warn: TopSitesFeed: Failed to fetch data from Contile server: NetworkError when attempting to fetch resource.

###!!! [Parent][RunMessage] Error: Channel closing: too late to send/recv, messages will be lost


###!!! [Child][RunMessage] Error: Channel closing: too late to send/recv, messages will be lost

stening on port 60555
1633993407231	RemoteAgent	WARN	TLS certificate errors will be ignored for this session
JavaScript warning: https://web.whatsapp.com/bootstrap_qr.d3ab17b51a79359ce87d.js, line 56: unreachable code after return statement
JavaScript warning: https://web.whatsapp.com/bootstrap_qr.d3ab17b51a79359ce87d.js, line 56: unreachable code after return statement
1633993421894	Marionette	INFO	Stopped listening on port 60555
JavaScript error: resource:///modules/Interactions.jsm, line 201: NS_ERROR_FAILURE: Component returned failure code: 0x80004005 (NS_ERROR_FAILURE) [nsIUserIdleService.removeIdleObserver]
console.warn: TopSitesFeed: Failed to fetch data from Contile server: NetworkError when attempting to fetch resource.
1633993473577	geckodriver	INFO	Listening on 127.0.0.1:55990
1633993476601	mozrunner::runner	INFO	Running command: "C:\\Program Files\\Mozilla Firefox\\firefox.exe" "--marionette" "-no-remote" "-profile" "C:\\Users\\FEDERICO\\AppData\\Local\\Temp\\rust_mozprofileuZ0t3m"
1633993477039	Marionette	INFO	Marionette enabled
console.warn: SearchSettings: "get: No settings file exists, new profile?" (new NotFoundError("Could not open the file at C:\\Users\\FEDERICO\\AppData\\Local\\Temp\\rust_mozprofileuZ0t3m\\search.json.mozlz4", (void 0)))
1633993479984	Marionette	INFO	Listening on port 61127
1633993480272	RemoteAgent	WARN	TLS certificate errors will be ignored for this session
JavaScript warning: https://web.whatsapp.com/bootstrap_qr.d3ab17b51a79359ce87d.js, line 56: unreachable code after return statement
JavaScript warning: https://web.whatsapp.com/bootstrap_qr.d3ab17b51a79359ce87d.js, line 56: unreachable code after return statement
JavaScript error: https://web.whatsapp.com/serviceworker.js, line 1: TypeError: Cache.put: Cache got basic response with bad status 206 while trying to add request https://web.whatsapp.com/sequential-ptt-middle_7fa161964e93db72b8d00ae22189d75f.mp3
JavaScript error: https://web.whatsapp.com/serviceworker.js, line 1: TypeError: Cache.put: Cache got basic response with bad status 206 while trying to add request https://web.whatsapp.com/sequential-ptt-end_62ed28be622237546fd39f9468a76a49.mp3
JavaScript error: https://web.whatsapp.com/serviceworker.js, line 1: TypeError: Cache.put: Cache got basic response with bad status 206 while trying to add request https://web.whatsapp.com/notification_2a485d84012c106acef03b527bb54635.mp3
1633993562381	Marionette	INFO	Stopped listening on port 61127
JavaScript error: resource:///modules/Interactions.jsm, line 201: NS_ERROR_FAILURE: Component returned failure code: 0x80004005 (NS_ERROR_FAILURE) [nsIUserIdleService.removeIdleObserver]
console.warn: TopSitesFeed: Failed to fetch data from Contile server: NetworkError when attempting to fetch resource.

###!!! [Child][MessageChannel] Error: (msgtype=0x390145,name=PContent::Msg_ScriptError) Channel closing: too late to send/recv, messages will be lost


###!!! [Child][MessageChannel] Error: (msgtype=0xA70006,name=PWebSocket::Msg_DeleteSelf) Channel closing: too late to send/recv, messages will be lost


###!!! [Parent][MessageChannel] Error: (msgtype=0x39007A,name=PContent::Msg_DestroyBrowsingContextGroup) Closed channel: cannot send/recv

JavaScript error: resource://gre/modules/Sqlite.jsm, line 1030: Error: Sqlite.jsm has been shutdown. Cannot open connection to: C:\Users\FEDERICO\AppData\Local\Temp\rust_mozprofileuZ0t3m\protections.sqlite
1633993564271	geckodriver	INFO	Listening on 127.0.0.1:64404
1633993567294	mozrunner::runner	INFO	Running command: "C:\\Program Files\\Mozilla Firefox\\firefox.exe" "--marionette" "-no-remote" "-profile" "C:\\Users\\FEDERICO\\AppData\\Local\\Temp\\rust_mozprofilebkzNnS"
1633993567695	Marionette	INFO	Marionette enabled
console.warn: SearchSettings: "get: No settings file exists, new profile?" (new NotFoundError("Could not open the file at C:\\Users\\FEDERICO\\AppData\\Local\\Temp\\rust_mozprofilebkzNnS\\search.json.mozlz4", (void 0)))
1633993570483	Marionette	INFO	Listening on port 61186
1633993571003	RemoteAgent	WARN	TLS certificate errors will be ignored for this session
JavaScript warning: https://web.whatsapp.com/bootstrap_qr.d3ab17b51a79359ce87d.js, line 56: unreachable code after return statement
JavaScript warning: https://web.whatsapp.com/bootstrap_qr.d3ab17b51a79359ce87d.js, line 56: unreachable code after return statement
JavaScript error: https://web.whatsapp.com/serviceworker.js, line 1: TypeError: Cache.put: Cache got basic response with bad status 206 while trying to add request https://web.whatsapp.com/sequential-ptt-middle_7fa161964e93db72b8d00ae22189d75f.mp3
JavaScript error: https://web.whatsapp.com/serviceworker.js, line 1: TypeError: Cache.put: Cache got basic response with bad status 206 while trying to add request https://web.whatsapp.com/sequential-ptt-end_62ed28be622237546fd39f9468a76a49.mp3
JavaScript error: https://web.whatsapp.com/serviceworker.js, line 1: TypeError: Cache.put: Cache got basic response with bad status 206 while trying to add request https://web.whatsapp.com/notification_2a485d84012c106acef03b527bb54635.mp3
console.error: "Could not start Browser Toolbox, you need to enable it."
1633993680267	Marionette	INFO	Stopped listening on port 61186
JavaScript error: resource:///modules/Interactions.jsm, line 201: NS_ERROR_FAILURE: Component returned failure code: 0x80004005 (NS_ERROR_FAILURE) [nsIUserIdleService.removeIdleObserver]
1633993816841	geckodriver	INFO	Listening on 127.0.0.1:63206
1633993819884	mozrunner::runner	INFO	Running command: "C:\\Program Files\\Mozilla Firefox\\firefox.exe" "--marionette" "-no-remote" "-profile" "C:\\Users\\FEDERICO\\AppData\\Local\\Temp\\rust_mozprofileGmP6BG"
1633993820416	Marionette	INFO	Marionette enabled
console.warn: SearchSettings: "get: No settings file exists, new profile?" (new NotFoundError("Could not open the file at C:\\Users\\FEDERICO\\AppData\\Local\\Temp\\rust_mozprofileGmP6BG\\search.json.mozlz4", (void 0)))
1633993823515	Marionette	INFO	Listening on port 60275
1633993823587	RemoteAgent	WARN	TLS certificate errors will be ignored for this session
JavaScript warning: https://web.whatsapp.com/bootstrap_qr.d3ab17b51a79359ce87d.js, line 56: unreachable code after return statement
JavaScript warning: https://web.whatsapp.com/bootstrap_qr.d3ab17b51a79359ce87d.js, line 56: unreachable code after return statement
JavaScript error: https://web.whatsapp.com/serviceworker.js, line 1: TypeError: Cache.put: Cache got basic response with bad status 206 while trying to add request https://web.whatsapp.com/sequential-ptt-middle_7fa161964e93db72b8d00ae22189d75f.mp3
JavaScript error: https://web.whatsapp.com/serviceworker.js, line 1: TypeError: Cache.put: Cache got basic response with bad status 206 while trying to add request https://web.whatsapp.com/sequential-ptt-end_62ed28be622237546fd39f9468a76a49.mp3
JavaScript error: https://web.whatsapp.com/serviceworker.js, line 1: TypeError: Cache.put: Cache got basic response with bad status 206 while trying to add request https://web.whatsapp.com/notification_2a485d84012c106acef03b527bb54635.mp3
1633993863165	Marionette	INFO	Stopped listening on port 60275
JavaScript error: resource:///modules/Interactions.jsm, line 201: NS_ERROR_FAILURE: Component returned failure code: 0x80004005 (NS_ERROR_FAILURE) [nsIUserIdleService.removeIdleObserver]
console.warn: TopSitesFeed: Failed to fetch data from Contile server: NetworkError when attempting to fetch resource.

###!!! [Parent][RunMessage] Error: Channel closing: too late to send/recv, messages will be lost

1633993940422	geckodriver	INFO	Listening on 127.0.0.1:59138
1633993943469	mozrunner::runner	INFO	Running command: "C:\\Program Files\\Mozilla Firefox\\firefox.exe" "--marionette" "-no-remote" "-profile" "C:\\Users\\FEDERICO\\AppData\\Local\\Temp\\rust_mozprofileYAeKg8"
1633993943953	Marionette	INFO	Marionette enabled
console.warn: SearchSettings: "get: No settings file exists, new profile?" (new NotFoundError("Could not open the file at C:\\Users\\FEDERICO\\AppData\\Local\\Temp\\rust_mozprofileYAeKg8\\search.json.mozlz4", (void 0)))
1633993947032	Marionette	INFO	Listening on port 57469
1633993947148	RemoteAgent	WARN	TLS certificate errors will be ignored for this session
JavaScript warning: https://web.whatsapp.com/bootstrap_qr.d3ab17b51a79359ce87d.js, line 56: unreachable code after return statement
JavaScript warning: https://web.whatsapp.com/bootstrap_qr.d3ab17b51a79359ce87d.js, line 56: unreachable code after return statement
JavaScript error: https://web.whatsapp.com/serviceworker.js, line 1: TypeError: Cache.put: Cache got basic response with bad status 206 while trying to add request https://web.whatsapp.com/sequential-ptt-middle_7fa161964e93db72b8d00ae22189d75f.mp3
JavaScript error: https://web.whatsapp.com/serviceworker.js, line 1: TypeError: Cache.put: Cache got basic response with bad status 206 while trying to add request https://web.whatsapp.com/sequential-ptt-end_62ed28be622237546fd39f9468a76a49.mp3
JavaScript error: https://web.whatsapp.com/serviceworker.js, line 1: TypeError: Cache.put: Cache got basic response with bad status 206 while trying to add request https://web.whatsapp.com/notification_2a485d84012c106acef03b527bb54635.mp3
1633994254783	Marionette	INFO	Stopped listening on port 57469
JavaScript error: resource:///modules/Interactions.jsm, line 201: NS_ERROR_FAILURE: Component returned failure code: 0x80004005 (NS_ERROR_FAILURE) [nsIUserIdleService.removeIdleObserver]
console.warn: TopSitesFeed: Failed to fetch data from Contile server: NetworkError when attempting to fetch resource.

###!!! [Child][MessageChannel] Error: (msgtype=0x390145,name=PContent::Msg_ScriptError) Channel closing: too late to send/recv, messages will be lost


###!!! [Child][MessageChannel] Error: (msgtype=0xA70006,name=PWebSocket::Msg_DeleteSelf) Channel closing: too late to send/recv, messages will be lost


###!!! [Parent][MessageChannel] Error: (msgtype=0x39007A,name=PContent::Msg_DestroyBrowsingContextGroup) Closed channel: cannot send/recv

JavaScript error: resource://gre/modules/Sqlite.jsm, line 1030: Error: Sqlite.jsm has been shutdown. Cannot open connection to: C:\Users\FEDERICO\AppData\Local\Temp\rust_mozprofileYAeKg8\protections.sqlite
1633994480280	geckodriver	INFO	Listening on 127.0.0.1:51255
1633994483316	mozrunner::runner	INFO	Running command: "C:\\Program Files\\Mozilla Firefox\\firefox.exe" "--marionette" "-no-remote" "-profile" "C:\\Users\\FEDERICO\\AppData\\Local\\Temp\\rust_mozprofile8hdz4Y"
1633994483803	Marionette	INFO	Marionette enabled
console.warn: SearchSettings: "get: No settings file exists, new profile?" (new NotFoundError("Could not open the file at C:\\Users\\FEDERICO\\AppData\\Local\\Temp\\rust_mozprofile8hdz4Y\\search.json.mozlz4", (void 0)))
1633994487091	Marionette	INFO	Listening on port 51263
1633994487517	RemoteAgent	WARN	TLS certificate errors will be ignored for this session
JavaScript warning: https://web.whatsapp.com/bootstrap_qr.d3ab17b51a79359ce87d.js, line 56: unreachable code after return statement
JavaScript warning: https://web.whatsapp.com/bootstrap_qr.d3ab17b51a79359ce87d.js, line 56: unreachable code after return statement
JavaScript error: https://web.whatsapp.com/serviceworker.js, line 1: TypeError: Cache.put: Cache got basic response with bad status 206 while trying to add request https://web.whatsapp.com/sequential-ptt-middle_7fa161964e93db72b8d00ae22189d75f.mp3
JavaScript error: https://web.whatsapp.com/serviceworker.js, line 1: TypeError: Cache.put: Cache got basic response with bad status 206 while trying to add request https://web.whatsapp.com/sequential-ptt-end_62ed28be622237546fd39f9468a76a49.mp3
JavaScript error: https://web.whatsapp.com/serviceworker.js, line 1: TypeError: Cache.put: Cache got basic response with bad status 206 while trying to add request https://web.whatsapp.com/notification_2a485d84012c106acef03b527bb54635.mp3
1633994529881	Marionette	INFO	Stopped listening on port 51263
JavaScript error: resource:///modules/Interactions.jsm, line 201: NS_ERROR_FAILURE: Component returned failure code: 0x80004005 (NS_ERROR_FAILURE) [nsIUserIdleService.removeIdleObserver]
console.warn: TopSitesFeed: Failed to fetch data from Contile server: NetworkError when attempting to fetch resource.
1633995027597	geckodriver	INFO	Listening on 127.0.0.1:62954
1633995030623	mozrunner::runner	INFO	Running command: "C:\\Program Files\\Mozilla Firefox\\firefox.exe" "--marionette" "-no-remote" "-profile" "C:\\Users\\FEDERICO\\AppData\\Local\\Temp\\rust_mozprofileqv1yFo"
1633995031090	Marionette	INFO	Marionette enabled
console.warn: SearchSettings: "get: No settings file exists, new profile?" (new NotFoundError("Could not open the file at C:\\Users\\FEDERICO\\AppData\\Local\\Temp\\rust_mozprofileqv1yFo\\search.json.mozlz4", (void 0)))
1633995033804	Marionette	INFO	Listening on port 62962
1633995034308	RemoteAgent	WARN	TLS certificate errors will be ignored for this session
JavaScript warning: https://web.whatsapp.com/bootstrap_qr.d3ab17b51a79359ce87d.js, line 56: unreachable code after return statement
JavaScript warning: https://web.whatsapp.com/bootstrap_qr.d3ab17b51a79359ce87d.js, line 56: unreachable code after return statement
1633995138628	Marionette	INFO	Stopped listening on port 62962
JavaScript error: resource:///modules/Interactions.jsm, line 201: NS_ERROR_FAILURE: Component returned failure code: 0x80004005 (NS_ERROR_FAILURE) [nsIUserIdleService.removeIdleObserver]
console.warn: TopSitesFeed: Failed to fetch data from Contile server: NetworkError when attempting to fetch resource.
1633997962005	geckodriver	INFO	Listening on 127.0.0.1:65023
1633997965056	mozrunner::runner	INFO	Running command: "C:\\Program Files\\Mozilla Firefox\\firefox.exe" "--marionette" "-no-remote" "-profile" "C:\\Users\\FEDERICO\\AppData\\Local\\Temp\\rust_mozprofilezttHyO"
1633997965579	Marionette	INFO	Marionette enabled
console.warn: SearchSettings: "get: No settings file exists, new profile?" (new NotFoundError("Could not open the file at C:\\Users\\FEDERICO\\AppData\\Local\\Temp\\rust_mozprofilezttHyO\\search.json.mozlz4", (void 0)))
1633997968873	Marionette	INFO	Listening on port 53537
1633997969269	RemoteAgent	WARN	TLS certificate errors will be ignored for this session
JavaScript error: , line 0: NotFoundError: No such JSWindowActor 'MarionetteEvents'
JavaScript warning: https://meet.google.com/_/scs/mss-static/_/js/k=boq-rtc.MeetingsUi.es.ZY-wNq30fgk.2020.O/ck=boq-rtc.MeetingsUi.7eyXlSDaZoo.L.F4.O/am=ph4AOAQAGABQSwJdfzAAIQEEAwAA8IAGwj73_gAAAQA0MCA4A7D_F6gkACAA0BAAAAAA-AmIMAgBAAI/d=1/exm=LEikZe,_b,_tp,byfTOb,lsjVmc/excm=_b,_tp,calldesktoppageview/esmo=1/ed=1/wt=2/rs=AL5CKSGUoKNUBFM6LIxnYZoCEU_M8Vxx4w/m=n73qwf,ws9Tlc,IZT63,e5qFLc,GkRiKb,UUJqVe,O1Gjze,xUdipf,blwjVc,fKUV3e,aurFic,COQbmf,U0aPgd,ZwDk9d,V3dDOb,mI3LFb,XU5LFb,m9oV,hl,rrm,jKHFJb,WO9ee,T6U9J,lHoXXe,SFhYHb,qIJF2,rsr,sVRBvb,AePfdf,KiD3i,RqS4qe,t8N1l,ABMzYd,k2r0oe,nUMwj,FMq9Lb,O6y8ed,PrPYRd,MpJwZc,NwH0H,OmgaI,lazG7b,g9HNd,MsyKad,ma,tQz2Ve,XVMNvd,L1AAkb,KUM7Z,lfpdyf,Fl2dbf,fFdwef,Mh3sMc,GcAaod,rn9YO,Y0bgVb,s39S4,lwddkf,gychg,w9hDv,RMhBfe,tgTcU,lAg79c,TH1Apc,FJm4Gb,SdcwHb,aW3pY,PQaYAf,P1S3zf,DM8swd,pw70Gc,EFQ78c,Ulmmrd,ZfAoz,mdR7q,Ivl8bd,kbLDWb,MdUzUe,I6YDgd,N5Lqpc,fgj8Rb,xQtZb,lPKSwe,y4Nztd,gJzDyc,JNoxi,MI6k7c,kjKdXe,texUgd,xGC4Gb,llTWPd,yDVVkb,E7GzYd,QIhFr,FYCkde,hKSk3e,FSOnAf,wfcdnd,cilABe,qexExd,DNsE7e,jdrlZe,khenvb,swpmp,gtEOic,wiZ2v,QQnX0,oUdseb,WWLNXd,sPwFo,CJeEuc,tZtmyd,Tnlgmf,dWHZee,sszRX,DPQwOe,DDvSYd,NNJERe,KG2eXe,hc6Ubd,CvtcN,IVuTze,Lamzc,SpsfSb,Z7OaKe,cWjcJb,VwDzFe,LgZW9b,OdgxHf,zbML3c,zbU9W,alwr6,Ebsiqd,ixOrqc,dlck6b,kmkrAf,A7fCU,Uas9Hd,BVgquf,a9EW5e,JGjVRe,hIO81e,pjICDe, line 1797: WEBGL_debug_renderer_info is deprecated in Firefox and will be removed. Please use RENDERER.
JavaScript error: https://meet.google.com/_/scs/mss-static/_/js/k=boq-rtc.MeetingsUi.es.ZY-wNq30fgk.2020.O/ck=boq-rtc.MeetingsUi.7eyXlSDaZoo.L.F4.O/am=ph4AOAQAGABQSwJdfzAAIQEEAwAA8IAGwj73_gAAAQA0MCA4A7D_F6gkACAA0BAAAAAA-AmIMAgBAAI/d=1/exm=LEikZe,_b,_tp,byfTOb,lsjVmc/excm=_b,_tp,calldesktoppageview/esmo=1/ed=1/wt=2/rs=AL5CKSGUoKNUBFM6LIxnYZoCEU_M8Vxx4w/m=n73qwf,ws9Tlc,IZT63,e5qFLc,GkRiKb,UUJqVe,O1Gjze,xUdipf,blwjVc,fKUV3e,aurFic,COQbmf,U0aPgd,ZwDk9d,V3dDOb,mI3LFb,XU5LFb,m9oV,hl,rrm,jKHFJb,WO9ee,T6U9J,lHoXXe,SFhYHb,qIJF2,rsr,sVRBvb,AePfdf,KiD3i,RqS4qe,t8N1l,ABMzYd,k2r0oe,nUMwj,FMq9Lb,O6y8ed,PrPYRd,MpJwZc,NwH0H,OmgaI,lazG7b,g9HNd,MsyKad,ma,tQz2Ve,XVMNvd,L1AAkb,KUM7Z,lfpdyf,Fl2dbf,fFdwef,Mh3sMc,GcAaod,rn9YO,Y0bgVb,s39S4,lwddkf,gychg,w9hDv,RMhBfe,tgTcU,lAg79c,TH1Apc,FJm4Gb,SdcwHb,aW3pY,PQaYAf,P1S3zf,DM8swd,pw70Gc,EFQ78c,Ulmmrd,ZfAoz,mdR7q,Ivl8bd,kbLDWb,MdUzUe,I6YDgd,N5Lqpc,fgj8Rb,xQtZb,lPKSwe,y4Nztd,gJzDyc,JNoxi,MI6k7c,kjKdXe,texUgd,xGC4Gb,llTWPd,yDVVkb,E7GzYd,QIhFr,FYCkde,hKSk3e,FSOnAf,wfcdnd,cilABe,qexExd,DNsE7e,jdrlZe,khenvb,swpmp,gtEOic,wiZ2v,QQnX0,oUdseb,WWLNXd,sPwFo,CJeEuc,tZtmyd,Tnlgmf,dWHZee,sszRX,DPQwOe,DDvSYd,NNJERe,KG2eXe,hc6Ubd,CvtcN,IVuTze,Lamzc,SpsfSb,Z7OaKe,cWjcJb,VwDzFe,LgZW9b,OdgxHf,zbML3c,zbU9W,alwr6,Ebsiqd,ixOrqc,dlck6b,kmkrAf,A7fCU,Uas9Hd,BVgquf,a9EW5e,JGjVRe,hIO81e,pjICDe, line 5519: Error: DisconnectedError, EndCause = 72
JavaScript error: https://meet.google.com/_/scs/mss-static/_/js/k=boq-rtc.MeetingsUi.es.ZY-wNq30fgk.2020.O/ck=boq-rtc.MeetingsUi.7eyXlSDaZoo.L.F4.O/am=ph4AOAQAGABQSwJdfzAAIQEEAwAA8IAGwj73_gAAAQA0MCA4A7D_F6gkACAA0BAAAAAA-AmIMAgBAAI/d=1/exm=LEikZe,_b,_tp,byfTOb,lsjVmc/excm=_b,_tp,calldesktoppageview/esmo=1/ed=1/wt=2/rs=AL5CKSGUoKNUBFM6LIxnYZoCEU_M8Vxx4w/m=n73qwf,ws9Tlc,IZT63,e5qFLc,GkRiKb,UUJqVe,O1Gjze,xUdipf,blwjVc,fKUV3e,aurFic,COQbmf,U0aPgd,ZwDk9d,V3dDOb,mI3LFb,XU5LFb,m9oV,hl,rrm,jKHFJb,WO9ee,T6U9J,lHoXXe,SFhYHb,qIJF2,rsr,sVRBvb,AePfdf,KiD3i,RqS4qe,t8N1l,ABMzYd,k2r0oe,nUMwj,FMq9Lb,O6y8ed,PrPYRd,MpJwZc,NwH0H,OmgaI,lazG7b,g9HNd,MsyKad,ma,tQz2Ve,XVMNvd,L1AAkb,KUM7Z,lfpdyf,Fl2dbf,fFdwef,Mh3sMc,GcAaod,rn9YO,Y0bgVb,s39S4,lwddkf,gychg,w9hDv,RMhBfe,tgTcU,lAg79c,TH1Apc,FJm4Gb,SdcwHb,aW3pY,PQaYAf,P1S3zf,DM8swd,pw70Gc,EFQ78c,Ulmmrd,ZfAoz,mdR7q,Ivl8bd,kbLDWb,MdUzUe,I6YDgd,N5Lqpc,fgj8Rb,xQtZb,lPKSwe,y4Nztd,gJzDyc,JNoxi,MI6k7c,kjKdXe,texUgd,xGC4Gb,llTWPd,yDVVkb,E7GzYd,QIhFr,FYCkde,hKSk3e,FSOnAf,wfcdnd,cilABe,qexExd,DNsE7e,jdrlZe,khenvb,swpmp,gtEOic,wiZ2v,QQnX0,oUdseb,WWLNXd,sPwFo,CJeEuc,tZtmyd,Tnlgmf,dWHZee,sszRX,DPQwOe,DDvSYd,NNJERe,KG2eXe,hc6Ubd,CvtcN,IVuTze,Lamzc,SpsfSb,Z7OaKe,cWjcJb,VwDzFe,LgZW9b,OdgxHf,zbML3c,zbU9W,alwr6,Ebsiqd,ixOrqc,dlck6b,kmkrAf,A7fCU,Uas9Hd,BVgquf,a9EW5e,JGjVRe,hIO81e,pjICDe, line 5519: Error: DisconnectedError, EndCause = 72
JavaScript error: , line 0: uncaught exception: Object
JavaScript error: , line 0: uncaught exception: Object
JavaScript error: , line 0: uncaught exception: Object
JavaScript error: https://meet.google.com/_/scs/mss-static/_/js/k=boq-rtc.MeetingsUi.es.ZY-wNq30fgk.2020.O/ck=boq-rtc.MeetingsUi.7eyXlSDaZoo.L.F4.O/am=ph4AOAQAGABQSwJdfzAAIQEEAwAA8IAGwj73_gAAAQA0MCA4A7D_F6gkACAA0BAAAAAA-AmIMAgBAAI/d=1/exm=LEikZe,_b,_tp,byfTOb,lsjVmc/excm=_b,_tp,calldesktoppageview/esmo=1/ed=1/wt=2/rs=AL5CKSGUoKNUBFM6LIxnYZoCEU_M8Vxx4w/m=n73qwf,ws9Tlc,IZT63,e5qFLc,GkRiKb,UUJqVe,O1Gjze,xUdipf,blwjVc,fKUV3e,aurFic,COQbmf,U0aPgd,ZwDk9d,V3dDOb,mI3LFb,XU5LFb,m9oV,hl,rrm,jKHFJb,WO9ee,T6U9J,lHoXXe,SFhYHb,qIJF2,rsr,sVRBvb,AePfdf,KiD3i,RqS4qe,t8N1l,ABMzYd,k2r0oe,nUMwj,FMq9Lb,O6y8ed,PrPYRd,MpJwZc,NwH0H,OmgaI,lazG7b,g9HNd,MsyKad,ma,tQz2Ve,XVMNvd,L1AAkb,KUM7Z,lfpdyf,Fl2dbf,fFdwef,Mh3sMc,GcAaod,rn9YO,Y0bgVb,s39S4,lwddkf,gychg,w9hDv,RMhBfe,tgTcU,lAg79c,TH1Apc,FJm4Gb,SdcwHb,aW3pY,PQaYAf,P1S3zf,DM8swd,pw70Gc,EFQ78c,Ulmmrd,ZfAoz,mdR7q,Ivl8bd,kbLDWb,MdUzUe,I6YDgd,N5Lqpc,fgj8Rb,xQtZb,lPKSwe,y4Nztd,gJzDyc,JNoxi,MI6k7c,kjKdXe,texUgd,xGC4Gb,llTWPd,yDVVkb,E7GzYd,QIhFr,FYCkde,hKSk3e,FSOnAf,wfcdnd,cilABe,qexExd,DNsE7e,jdrlZe,khenvb,swpmp,gtEOic,wiZ2v,QQnX0,oUdseb,WWLNXd,sPwFo,CJeEuc,tZtmyd,Tnlgmf,dWHZee,sszRX,DPQwOe,DDvSYd,NNJERe,KG2eXe,hc6Ubd,CvtcN,IVuTze,Lamzc,SpsfSb,Z7OaKe,cWjcJb,VwDzFe,LgZW9b,OdgxHf,zbML3c,zbU9W,alwr6,Ebsiqd,ixOrqc,dlck6b,kmkrAf,A7fCU,Uas9Hd,BVgquf,a9EW5e,JGjVRe,hIO81e,pjICDe, line 5521: Error: startupCode: 200, error = {
  Ia = 403
  Ba = {
    alt-svc = "h3=":443"; ma=2592000,h3-29=":443"; ma=2592000,h3-T051=":443"; ma=2592000,h3-Q050=":443"; ma=2592000,h3-Q046=":443"; ma=2592000,h3-Q043=":443"; ma=2592000,quic=":443"; ma=2592000; v="46,43""
    cache-control = "private"
    content-encoding = "gzip"
    content-length = "59"
    content-type = "application/x-protobuf"
    date = "Tue, 12 Oct 2021 00:19:31 GMT"
    server = "ESF"
    vary = "Origin, X-Origin, Referer"
    x-content-type-options = "nosniff"
    x-firefox-http3 = "h3"
    x-frame-options = "SAMEORIGIN"
    x-xss-protection = "0"
    closure_uid_301195897 = 68
  }
  Ga = NULL
  Ca = {
    Wda = 39
    hca = undefined
    closure_uid_301195897 = 69
  }
  Aa = {
    Kb = -1
    Ba = {
      3 = {
        closure_uid_301195897 = 72
      }
      closure_uid_301195897 = 71
    }
    Wh = NULL
    Ma = {
      0 = 7
      1 = "The caller does not have permission"
      2 = {
        closure_uid_301195897 = 74
      }
      closure_uid_301195897 = 73
    }
    Gb = 1.7976931348623157e+308
    closure_uid_301195897 = 70
    Lc = "v3Bbmc"
  }
  cause = NULL
  stack = "@https://meet.google.com/_/scs/mss-static/_/js/k=boq-rtc.MeetingsUi.es.ZY-wNq30fgk.2020.O/ck=boq-rtc.MeetingsUi.7eyXlSDaZoo.L.F4.O/am=ph4AOAQAGABQSwJdfzAAIQEEAwAA8IAGwj73_gAAAQA0MCA4A7D_F6gkACAA0BAAAAAA-AmIMAgBAAI/d=1/exm=LEikZe,_b,_tp,byfTOb,lsjVmc/excm=_b,_tp,calldesktoppageview/esmo=1/ed=1/wt=2/rs=AL5CKSGUoKNUBFM6LIxnYZoCEU_M8Vxx4w/m=n73qwf,ws9Tlc,IZT63,e5qFLc,GkRiKb,UUJqVe,O1Gjze,xUdipf,blwjVc,fKUV3e,aurFic,COQbmf,U0aPgd,ZwDk9d,V3dDOb,mI3LFb,XU5LFb,m9oV,hl,rrm,jKHFJb,WO9ee,T6U9J,lHoXXe,SFhYHb,qIJF2,rsr,sVRBvb,AePfdf,KiD3i,RqS4qe,t8N1l,ABMzYd,k2r0oe,nUMwj,FMq9Lb,O6y8ed,PrPYRd,MpJwZc,NwH0H,OmgaI,lazG7b,g9HNd,MsyKad,ma,tQz2Ve,XVMNvd,L1AAkb,KUM7Z,lfpdyf,Fl2dbf,fFdwef,Mh3sMc,GcAaod,rn9YO,Y0bgVb,s39S4,lwddkf,gychg,w9hDv,RMhBfe,tgTcU,lAg79c,TH1Apc,FJm4Gb,SdcwHb,aW3pY,PQaYAf,P1S3zf,DM8swd,pw70Gc,EFQ78c,Ulmmrd,ZfAoz,mdR7q,Ivl8bd,kbLDWb,MdUzUe,I6YDgd,N5Lqpc,fgj8Rb,xQtZb,lPKSwe,y4Nztd,gJzDyc,JNoxi,MI6k7c,kjKdXe,texUgd,xGC4Gb,llTWPd,yDVVkb,E7GzYd,QIhFr,FYCkde,hKSk3e,FSOnAf,wfcdnd,cilABe,qexExd,DNsE7e,jdrlZe,khenvb,swpmp,gtEOic,wiZ2v,QQnX0,oUdseb,WWLNXd,sPwFo,CJeEuc,tZtmyd,Tnlgmf,dWHZee,sszRX,DPQwOe,DDvSYd,NNJERe,KG2eXe,hc6Ubd,CvtcN,IVuTze,Lamzc,SpsfSb,Z7OaKe,cWjcJb,VwDzFe,LgZW9b,OdgxHf,zbML3c,zbU9W,alwr6,Ebsiqd,ixOrqc,dlck6b,kmkrAf,A7fCU,Uas9Hd,BVgquf,a9EW5e,JGjVRe,hIO81e,pjICDe:2916:171
  yUc/<@https://meet.google.com/_/scs/mss-static/_/js/k=boq-rtc.MeetingsUi.es.ZY-wNq30fgk.2020.O/ck=boq-rtc.MeetingsUi.7eyXlSDaZoo.L.F4.O/am=ph4AOAQAGABQSwJdfzAAIQEEAwAA8IAGwj73_gAAAQA0MCA4A7D_F6gkACAA0BAAAAAA-AmIMAgBAAI/d=1/exm=LEikZe,_b,_tp,byfTOb,lsjVmc/excm=_b,_tp,calldesktoppageview/esmo=1/ed=1/wt=2/rs=AL5CKSGUoKNUBFM6LIxnYZoCEU_M8Vxx4w/m=n73qwf,ws9Tlc,IZT63,e5qFLc,GkRiKb,UUJqVe,O1Gjze,xUdipf,blwjVc,fKUV3e,aurFic,COQbmf,U0aPgd,ZwDk9d,V3dDOb,mI3LFb,XU5LFb,m9oV,hl,rrm,jKHFJb,WO9ee,T6U9J,lHoXXe,SFhYHb,qIJF2,rsr,sVRBvb,AePfdf,KiD3i,RqS4qe,t8N1l,ABMzYd,k2r0oe,nUMwj,FMq9Lb,O6y8ed,PrPYRd,MpJwZc,NwH0H,OmgaI,lazG7b,g9HNd,MsyKad,ma,tQz2Ve,XVMNvd,L1AAkb,KUM7Z,lfpdyf,Fl2dbf,fFdwef,Mh3sMc,GcAaod,rn9YO,Y0bgVb,s39S4,lwddkf,gychg,w9hDv,RMhBfe,tgTcU,lAg79c,TH1Apc,FJm4Gb,SdcwHb,aW3pY,PQaYAf,P1S3zf,DM8swd,pw70Gc,EFQ78c,Ulmmrd,ZfAoz,mdR7q,Ivl8bd,kbLDWb,MdUzUe,I6YDgd,N5Lqpc,fgj8Rb,xQtZb,lPKSwe,y4Nztd,gJzDyc,JNoxi,MI6k7c,kjKdXe,texUgd,xGC4Gb,llTWPd,yDVVkb,E7GzYd,QIhFr,FYCkde,hKSk3e,FSOnAf,wfcdnd,cilABe,qexExd,DNsE7e,jdrlZe,khenvb,swpmp,gtEOic,wiZ2v,QQnX0,oUdseb,WWLNXd,sPwFo,CJeEuc,tZtmyd,Tnlgmf,dWHZee,sszRX,DPQwOe,DDvSYd,NNJERe,KG2eXe,hc6Ubd,CvtcN,IVuTze,Lamzc,SpsfSb,Z7OaKe,cWjcJb,VwDzFe,LgZW9b,OdgxHf,zbML3c,zbU9W,alwr6,Ebsiqd,ixOrqc,dlck6b,kmkrAf,A7fCU,Uas9Hd,BVgquf,a9EW5e,JGjVRe,hIO81e,pjICDe:2936:367
  
  makeRequest@https://meet.google.com/_/scs/mss-static/_/js/k=boq-rtc.MeetingsUi.es.ZY-wNq30fgk.2020.O/ck=boq-rtc.MeetingsUi.7eyXlSDaZoo.L.F4.O/am=ph4AOAQAGABQSwJdfzAAIQEEAwAA8IAGwj73_gAAAQA0MCA4A7D_F6gkACAA0BAAAAAA-AmIMAgBAAI/d=1/exm=LEikZe,_b,_tp,byfTOb,lsjVmc/excm=_b,_tp,calldesktoppageview/esmo=1/ed=1/wt=2/rs=AL5CKSGUoKNUBFM6LIxnYZoCEU_M8Vxx4w/m=n73qwf,ws9Tlc,IZT63,e5qFLc,GkRiKb,UUJqVe,O1Gjze,xUdipf,blwjVc,fKUV3e,aurFic,COQbmf,U0aPgd,ZwDk9d,V3dDOb,mI3LFb,XU5LFb,m9oV,hl,rrm,jKHFJb,WO9ee,T6U9J,lHoXXe,SFhYHb,qIJF2,rsr,sVRBvb,AePfdf,KiD3i,RqS4qe,t8N1l,ABMzYd,k2r0oe,nUMwj,FMq9Lb,O6y8ed,PrPYRd,MpJwZc,NwH0H,OmgaI,lazG7b,g9HNd,MsyKad,ma,tQz2Ve,XVMNvd,L1AAkb,KUM7Z,lfpdyf,Fl2dbf,fFdwef,Mh3sMc,GcAaod,rn9YO,Y0bgVb,s39S4,lwddkf,gychg,w9hDv,RMhBfe,tgTcU,lAg79c,TH1Apc,FJm4Gb,SdcwHb,aW3pY,PQaYAf,P1S3zf,DM8swd,pw70Gc,EFQ78c,Ulmmrd,ZfAoz,mdR7q,Ivl8bd,kbLDWb,MdUzUe,I6YDgd,N5Lqpc,fgj8Rb,xQtZb,lPKSwe,y4Nztd,gJzDyc,JNoxi,MI6k7c,kjKdXe,texUgd,xGC4Gb,llTWPd,yDVVkb,E7GzYd,QIhFr,FYCkde,hKSk3e,FSOnAf,wfcdnd,cilABe,qexExd,DNsE7e,jdrlZe,khenvb,swpmp,gtEOic,wiZ2v,QQnX0,oUdseb,WWLNXd,sPwFo,CJeEuc,tZtmyd,Tnlgmf,dWHZee,sszRX,DPQwOe,DDvSYd,NNJERe,KG2eXe,hc6Ubd,CvtcN,IVuTze,Lamzc,SpsfSb,Z7OaKe,cWjcJb,VwDzFe,LgZW9b,OdgxHf,zbML3c,zbU9W,alwr6,Ebsiqd,ixOrqc,dlck6b,kmkrAf,A7fCU,Uas9Hd,BVgquf,a9EW5e,JGjVRe,hIO81e,pjICDe:2954:140
  _.OYc@https://meet.google.com/_/scs/mss-static/_/js/k=boq-rtc.MeetingsUi.es.ZY-wNq30fgk.2020.O/ck=boq-rtc.MeetingsUi.7eyXlSDaZoo.L.F4.O/am=ph4AOAQAGABQSwJdfzAAIQEEAwAA8IAGwj73_gAAAQA0MCA4A7D_F6gkACAA0BAAAAAA-AmIMAgBAAI/d=1/exm=LEikZe,_b,_tp,byfTOb,lsjVmc/excm=_b,_tp,calldesktoppageview/esmo=1/ed=1/wt=2/rs=AL5CKSGUoKNUBFM6LIxnYZoCEU_M8Vxx4w/m=n73qwf,ws9Tlc,IZT63,e5qFLc,GkRiKb,UUJqVe,O1Gjze,xUdipf,blwjVc,fKUV3e,aurFic,COQbmf,U0aPgd,ZwDk9d,V3dDOb,mI3LFb,XU5LFb,m9oV,hl,rrm,jKHFJb,WO9ee,T6U9J,lHoXXe,SFhYHb,qIJF2,rsr,sVRBvb,AePfdf,KiD3i,RqS4qe,t8N1l,ABMzYd,k2r0oe,nUMwj,FMq9Lb,O6y8ed,PrPYRd,MpJwZc,NwH0H,OmgaI,lazG7b,g9HNd,MsyKad,ma,tQz2Ve,XVMNvd,L1AAkb,KUM7Z,lfpdyf,Fl2dbf,fFdwef,Mh3sMc,GcAaod,rn9YO,Y0bgVb,s39S4,lwddkf,gychg,w9hDv,RMhBfe,tgTcU,lAg79c,TH1Apc,FJm4Gb,SdcwHb,aW3pY,PQaYAf,P1S3zf,DM8swd,pw70Gc,EFQ78c,Ulmmrd,ZfAoz,mdR7q,Ivl8bd,kbLDWb,MdUzUe,I6YDgd,N5Lqpc,fgj8Rb,xQtZb,lPKSwe,y4Nztd,gJzDyc,JNoxi,MI6k7c,kjKdXe,texUgd,xGC4Gb,llTWPd,yDVVkb,E7GzYd,QIhFr,FYCkde,hKSk3e,FSOnAf,wfcdnd,cilABe,qexExd,DNsE7e,jdrlZe,khenvb,swpmp,gtEOic,wiZ2v,QQnX0,oUdseb,WWLNXd,sPwFo,CJeEuc,tZtmyd,Tnlgmf,dWHZee,sszRX,DPQwOe,DDvSYd,NNJERe,KG2eXe,hc6Ubd,CvtcN,IVuTze,Lamzc,SpsfSb,Z7OaKe,cWjcJb,VwDzFe,LgZW9b,OdgxHf,zbML3c,zbU9W,alwr6,Ebsiqd,ixOrqc,dlck6b,kmkrAf,A7fCU,Uas9Hd,BVgquf,a9EW5e,JGjVRe,hIO81e,pjICDe:3470:327
  _.VYc@https://meet.google.com/_/scs/mss-static/_/js/k=boq-rtc.MeetingsUi.es.ZY-wNq30fgk.2020.O/ck=boq-rtc.MeetingsUi.7eyXlSDaZoo.L.F4.O/am=ph4AOAQAGABQSwJdfzAAIQEEAwAA8IAGwj73_gAAAQA0MCA4A7D_F6gkACAA0BAAAAAA-AmIMAgBAAI/d=1/exm=LEikZe,_b,_tp,byfTOb,lsjVmc/excm=_b,_tp,calldesktoppageview/esmo=1/ed=1/wt=2/rs=AL5CKSGUoKNUBFM6LIxnYZoCEU_M8Vxx4w/m=n73qwf,ws9Tlc,IZT63,e5qFLc,GkRiKb,UUJqVe,O1Gjze,xUdipf,blwjVc,fKUV3e,aurFic,COQbmf,U0aPgd,ZwDk9d,V3dDOb,mI3LFb,XU5LFb,m9oV,hl,rrm,jKHFJb,WO9ee,T6U9J,lHoXXe,SFhYHb,qIJF2,rsr,sVRBvb,AePfdf,KiD3i,RqS4qe,t8N1l,ABMzYd,k2r0oe,nUMwj,FMq9Lb,O6y8ed,PrPYRd,MpJwZc,NwH0H,OmgaI,lazG7b,g9HNd,MsyKad,ma,tQz2Ve,XVMNvd,L1AAkb,KUM7Z,lfpdyf,Fl2dbf,fFdwef,Mh3sMc,GcAaod,rn9YO,Y0bgVb,s39S4,lwddkf,gychg,w9hDv,RMhBfe,tgTcU,lAg79c,TH1Apc,FJm4Gb,SdcwHb,aW3pY,PQaYAf,P1S3zf,DM8swd,pw70Gc,EFQ78c,Ulmmrd,ZfAoz,mdR7q,Ivl8bd,kbLDWb,MdUzUe,I6YDgd,N5Lqpc,fgj8Rb,xQtZb,lPKSwe,y4Nztd,gJzDyc,JNoxi,MI6k7c,kjKdXe,texUgd,xGC4Gb,llTWPd,yDVVkb,E7GzYd,QIhFr,FYCkde,hKSk3e,FSOnAf,wfcdnd,cilABe,qexExd,DNsE7e,jdrlZe,khenvb,swpmp,gtEOic,wiZ2v,QQnX0,oUdseb,WWLNXd,sPwFo,CJeEuc,tZtmyd,Tnlgmf,dWHZee,sszRX,DPQwOe,DDvSYd,NNJERe,KG2eXe,hc6Ubd,CvtcN,IVuTze,Lamzc,SpsfSb,Z7OaKe,cWjcJb,VwDzFe,LgZW9b,OdgxHf,zbML3c,zbU9W,alwr6,Ebsiqd,ixOrqc,dlck6b,kmkrAf,A7fCU,Uas9Hd,BVgquf,a9EW5e,JGjVRe,hIO81e,pjICDe:3475:363
  apa@https://meet.google.com/_/scs/mss-static/_/js/k=boq-rtc.MeetingsUi.es.ZY-wNq30fgk.2020.O/ck=boq-rtc.MeetingsUi.7eyXlSDaZoo.L.F4.O/am=ph4AOAQAGABQSwJdfzAAIQEEAwAA8IAGwj73_gAAAQA0MCA4A7D_F6gkACAA0BAAAAAA-AmIMAgBAAI/d=1/exm=LEikZe,_b,_tp,byfTOb,lsjVmc/excm=_b,_tp,calldesktoppageview/esmo=1/ed=1/wt=2/rs=AL5CKSGUoKNUBFM6LIxnYZoCEU_M8Vxx4w/m=n73qwf,ws9Tlc,IZT63,e5qFLc,GkRiKb,UUJqVe,O1Gjze,xUdipf,blwjVc,fKUV3e,aurFic,COQbmf,U0aPgd,ZwDk9d,V3dDOb,mI3LFb,XU5LFb,m9oV,hl,rrm,jKHFJb,WO9ee,T6U9J,lHoXXe,SFhYHb,qIJF2,rsr,sVRBvb,AePfdf,KiD3i,RqS4qe,t8N1l,ABMzYd,k2r0oe,nUMwj,FMq9Lb,O6y8ed,PrPYRd,MpJwZc,NwH0H,OmgaI,lazG7b,g9HNd,MsyKad,ma,tQz2Ve,XVMNvd,L1AAkb,KUM7Z,lfpdyf,Fl2dbf,fFdwef,Mh3sMc,GcAaod,rn9YO,Y0bgVb,s39S4,lwddkf,gychg,w9hDv,RMhBfe,tgTcU,lAg79c,TH1Apc,FJm4Gb,SdcwHb,aW3pY,PQaYAf,P1S3zf,DM8swd,pw70Gc,EFQ78c,Ulmmrd,ZfAoz,mdR7q,Ivl8bd,kbLDWb,MdUzUe,I6YDgd,N5Lqpc,fgj8Rb,xQtZb,lPKSwe,y4Nztd,gJzDyc,JNoxi,MI6k7c,kjKdXe,texUgd,xGC4Gb,llTWPd,yDVVkb,E7GzYd,QIhFr,FYCkde,hKSk3e,FSOnAf,wfcdnd,cilABe,qexExd,DNsE7e,jdrlZe,khenvb,swpmp,gtEOic,wiZ2v,QQnX0,oUdseb,WWLNXd,sPwFo,CJeEuc,tZtmyd,Tnlgmf,dWHZee,sszRX,DPQwOe,DDvSYd,NNJERe,KG2eXe,hc6Ubd,CvtcN,IVuTze,Lamzc,SpsfSb,Z7OaKe,cWjcJb,VwDzFe,LgZW9b,OdgxHf,zbML3c,zbU9W,alwr6,Ebsiqd,ixOrqc,dlck6b,kmkrAf,A7fCU,Uas9Hd,BVgquf,a9EW5e,JGjVRe,hIO81e,pjICDe:3476:164
  apa@https://meet.google.com/_/scs/mss-static/_/js/k=boq-rtc.MeetingsUi.es.ZY-wNq30fgk.2020.O/ck=boq-rtc.MeetingsUi.7eyXlSDaZoo.L.F4.O/am=ph4AOAQAGABQSwJdfzAAIQEEAwAA8IAGwj73_gAAAQA0MCA4A7D_F6gkACAA0BAAAAAA-AmIMAgBAAI/d=1/exm=LEikZe,_b,_tp,byfTOb,lsjVmc/excm=_b,_tp,calldesktoppageview/esmo=1/ed=1/wt=2/rs=AL5CKSGUoKNUBFM6LIxnYZoCEU_M8Vxx4w/m=n73qwf,ws9Tlc,IZT63,e5qFLc,GkRiKb,UUJqVe,O1Gjze,xUdipf,blwjVc,fKUV3e,aurFic,COQbmf,U0aPgd,ZwDk9d,V3dDOb,mI3LFb,XU5LFb,m9oV,hl,rrm,jKHFJb,WO9ee,T6U9J,lHoXXe,SFhYHb,qIJF2,rsr,sVRBvb,AePfdf,KiD3i,RqS4qe,t8N1l,ABMzYd,k2r0oe,nUMwj,FMq9Lb,O6y8ed,PrPYRd,MpJwZc,NwH0H,OmgaI,lazG7b,g9HNd,MsyKad,ma,tQz2Ve,XVMNvd,L1AAkb,KUM7Z,lfpdyf,Fl2dbf,fFdwef,Mh3sMc,GcAaod,rn9YO,Y0bgVb,s39S4,lwddkf,gychg,w9hDv,RMhBfe,tgTcU,lAg79c,TH1Apc,FJm4Gb,SdcwHb,aW3pY,PQaYAf,P1S3zf,DM8swd,pw70Gc,EFQ78c,Ulmmrd,ZfAoz,mdR7q,Ivl8bd,kbLDWb,MdUzUe,I6YDgd,N5Lqpc,fgj8Rb,xQtZb,lPKSwe,y4Nztd,gJzDyc,JNoxi,MI6k7c,kjKdXe,texUgd,xGC4Gb,llTWPd,yDVVkb,E7GzYd,QIhFr,FYCkde,hKSk3e,FSOnAf,wfcdnd,cilABe,qexExd,DNsE7e,jdrlZe,khenvb,swpmp,gtEOic,wiZ2v,QQnX0,oUdseb,WWLNXd,sPwFo,CJeEuc,tZtmyd,Tnlgmf,dWHZee,sszRX,DPQwOe,DDvSYd,NNJERe,KG2eXe,hc6Ubd,CvtcN,IVuTze,Lamzc,SpsfSb,Z7OaKe,cWjcJb,VwDzFe,LgZW9b,OdgxHf,zbML3c,zbU9W,alwr6,Ebsiqd,ixOrqc,dlck6b,kmkrAf,A7fCU,Uas9Hd,BVgquf,a9EW5e,JGjVRe,hIO81e,pjICDe:3752:264
  $qe@https://meet.google.com/_/scs/mss-static/_/js/k=boq-rtc.MeetingsUi.es.ZY-wNq30fgk.2020.O/ck=boq-rtc.MeetingsUi.7eyXlSDaZoo.L.F4.O/am=ph4AOAQAGABQSwJdfzAAIQEEAwAA8IAGwj73_gAAAQA0MCA4A7D_F6gkACAA0BAAAAAA-AmIMAgBAAI/d=1/exm=LEikZe,_b,_tp,byfTOb,lsjVmc/excm=_b,_tp,calldesktoppageview/esmo=1/ed=1/wt=2/rs=AL5CKSGUoKNUBFM6LIxnYZoCEU_M8Vxx4w/m=n73qwf,ws9Tlc,IZT63,e5qFLc,GkRiKb,UUJqVe,O1Gjze,xUdipf,blwjVc,fKUV3e,aurFic,COQbmf,U0aPgd,ZwDk9d,V3dDOb,mI3LFb,XU5LFb,m9oV,hl,rrm,jKHFJb,WO9ee,T6U9J,lHoXXe,SFhYHb,qIJF2,rsr,sVRBvb,AePfdf,KiD3i,RqS4qe,t8N1l,ABMzYd,k2r0oe,nUMwj,FMq9Lb,O6y8ed,PrPYRd,MpJwZc,NwH0H,OmgaI,lazG7b,g9HNd,MsyKad,ma,tQz2Ve,XVMNvd,L1AAkb,KUM7Z,lfpdyf,Fl2dbf,fFdwef,Mh3sMc,GcAaod,rn9YO,Y0bgVb,s39S4,lwddkf,gychg,w9hDv,RMhBfe,tgTcU,lAg79c,TH1Apc,FJm4Gb,SdcwHb,aW3pY,PQaYAf,P1S3zf,DM8swd,pw70Gc,EFQ78c,Ulmmrd,ZfAoz,mdR7q,Ivl8bd,kbLDWb,MdUzUe,I6YDgd,N5Lqpc,fgj8Rb,xQtZb,lPKSwe,y4Nztd,gJzDyc,JNoxi,MI6k7c,kjKdXe,texUgd,xGC4Gb,llTWPd,yDVVkb,E7GzYd,QIhFr,FYCkde,hKSk3e,FSOnAf,wfcdnd,cilABe,qexExd,DNsE7e,jdrlZe,khenvb,swpmp,gtEOic,wiZ2v,QQnX0,oUdseb,WWLNXd,sPwFo,CJeEuc,tZtmyd,Tnlgmf,dWHZee,sszRX,DPQwOe,DDvSYd,NNJERe,KG2eXe,hc6Ubd,CvtcN,IVuTze,Lamzc,SpsfSb,Z7OaKe,cWjcJb,VwDzFe,LgZW9b,OdgxHf,zbML3c,zbU9W,alwr6,Ebsiqd,ixOrqc,dlck6b,kmkrAf,A7fCU,Uas9Hd,BVgquf,a9EW5e,JGjVRe,hIO81e,pjICDe:5756:141
  bre@https://meet.google.com/_/scs/mss-static/_/js/k=boq-rtc.MeetingsUi.es.ZY-wNq30fgk.2020.O/ck=boq-rtc.MeetingsUi.7eyXlSDaZoo.L.F4.O/am=ph4AOAQAGABQSwJdfzAAIQEEAwAA8IAGwj73_gAAAQA0MCA4A7D_F6gkACAA0BAAAAAA-AmIMAgBAAI/d=1/exm=LEikZe,_b,_tp,byfTOb,lsjVmc/excm=_b,_tp,calldesktoppageview/esmo=1/ed=1/wt=2/rs=AL5CKSGUoKNUBFM6LIxnYZoCEU_M8Vxx4w/m=n73qwf,ws9Tlc,IZT63,e5qFLc,GkRiKb,UUJqVe,O1Gjze,xUdipf,blwjVc,fKUV3e,aurFic,COQbmf,U0aPgd,ZwDk9d,V3dDOb,mI3LFb,XU5LFb,m9oV,hl,rrm,jKHFJb,WO9ee,T6U9J,lHoXXe,SFhYHb,qIJF2,rsr,sVRBvb,AePfdf,KiD3i,RqS4qe,t8N1l,ABMzYd,k2r0oe,nUMwj,FMq9Lb,O6y8ed,PrPYRd,MpJwZc,NwH0H,OmgaI,lazG7b,g9HNd,MsyKad,ma,tQz2Ve,XVMNvd,L1AAkb,KUM7Z,lfpdyf,Fl2dbf,fFdwef,Mh3sMc,GcAaod,rn9YO,Y0bgVb,s39S4,lwddkf,gychg,w9hDv,RMhBfe,tgTcU,lAg79c,TH1Apc,FJm4Gb,SdcwHb,aW3pY,PQaYAf,P1S3zf,DM8swd,pw70Gc,EFQ78c,Ulmmrd,ZfAoz,mdR7q,Ivl8bd,kbLDWb,MdUzUe,I6YDgd,N5Lqpc,fgj8Rb,xQtZb,lPKSwe,y4Nztd,gJzDyc,JNoxi,MI6k7c,kjKdXe,texUgd,xGC4Gb,llTWPd,yDVVkb,E7GzYd,QIhFr,FYCkde,hKSk3e,FSOnAf,wfcdnd,cilABe,qexExd,DNsE7e,jdrlZe,khenvb,swpmp,gtEOic,wiZ2v,QQnX0,oUdseb,WWLNXd,sPwFo,CJeEuc,tZtmyd,Tnlgmf,dWHZee,sszRX,DPQwOe,DDvSYd,NNJERe,KG2eXe,hc6Ubd,CvtcN,IVuTze,Lamzc,SpsfSb,Z7OaKe,cWjcJb,VwDzFe,LgZW9b,OdgxHf,zbML3c,zbU9W,alwr6,Ebsiqd,ixOrqc,dlck6b,kmkrAf,A7fCU,Uas9Hd,BVgquf,a9EW5e,JGjVRe,hIO81e,pjICDe:5751:63
  @https://meet.google.com/_/scs/mss-static/_/js/k=boq-rtc.MeetingsUi.es.ZY-wNq30fgk.2020.O/ck=boq-rtc.MeetingsUi.7eyXlSDaZoo.L.F4.O/am=ph4AOAQAGABQSwJdfzAAIQEEAwAA8IAGwj73_gAAAQA0MCA4A7D_F6gkACAA0BAAAAAA-AmIMAgBAAI/d=1/exm=LEikZe,_b,_tp,byfTOb,lsjVmc/excm=_b,_tp,calldesktoppageview/esmo=1/ed=1/wt=2/rs=AL5CKSGUoKNUBFM6LIxnYZoCEU_M8Vxx4w/m=n73qwf,ws9Tlc,IZT63,e5qFLc,GkRiKb,UUJqVe,O1Gjze,xUdipf,blwjVc,fKUV3e,aurFic,COQbmf,U0aPgd,ZwDk9d,V3dDOb,mI3LFb,XU5LFb,m9oV,hl,rrm,jKHFJb,WO9ee,T6U9J,lHoXXe,SFhYHb,qIJF2,rsr,sVRBvb,AePfdf,KiD3i,RqS4qe,t8N1l,ABMzYd,k2r0oe,nUMwj,FMq9Lb,O6y8ed,PrPYRd,MpJwZc,NwH0H,OmgaI,lazG7b,g9HNd,MsyKad,ma,tQz2Ve,XVMNvd,L1AAkb,KUM7Z,lfpdyf,Fl2dbf,fFdwef,Mh3sMc,GcAaod,rn9YO,Y0bgVb,s39S4,lwddkf,gychg,w9hDv,RMhBfe,tgTcU,lAg79c,TH1Apc,FJm4Gb,SdcwHb,aW3pY,PQaYAf,P1S3zf,DM8swd,pw70Gc,EFQ78c,Ulmmrd,ZfAoz,mdR7q,Ivl8bd,kbLDWb,MdUzUe,I6YDgd,N5Lqpc,fgj8Rb,xQtZb,lPKSwe,y4Nztd,gJzDyc,JNoxi,MI6k7c,kjKdXe,texUgd,xGC4Gb,llTWPd,yDVVkb,E7GzYd,QIhFr,FYCkde,hKSk3e,FSOnAf,wfcdnd,cilABe,qexExd,DNsE7e,jdrlZe,khenvb,swpmp,gtEOic,wiZ2v,QQnX0,oUdseb,WWLNXd,sPwFo,CJeEuc,tZtmyd,Tnlgmf,dWHZee,sszRX,DPQwOe,DDvSYd,NNJERe,KG2eXe,hc6Ubd,CvtcN,IVuTze,Lamzc,SpsfSb,Z7OaKe,cWjcJb,VwDzFe,LgZW9b,OdgxHf,zbML3c,zbU9W,alwr6,Ebsiqd,ixOrqc,dlck6b,kmkrAf,A7fCU,Uas9Hd,BVgquf,a9EW5e,JGjVRe,hIO81e,pjICDe:5769:363
  yga/e.oa</e.Ba<@https://meet.google.com/_/scs/mss-static/_/js/k=boq-rtc.MeetingsUi.es.ZY-wNq30fgk.2020.O/am=ph4AOAQAGABQSwJdfzAAIQEEAwAA8IAGwj73_gAAAQA0MCA4A7D_F6gkACAA0BAAAAAA-AmIMAgBAAI/d=1/excm=_b,_tp,calldesktoppageview/ed=1/dg=0/wt=2/esmo=1/rs=AL5CKSEalZcM9syEhpGt7CZDXdEPFXH0WA/m=_b,_tp:177:470
  Gga@https://meet.google.com/_/scs/mss-static/_/js/k=boq-rtc.MeetingsUi.es.ZY-wNq30fgk.2020.O/am=ph4AOAQAGABQSwJdfzAAIQEEAwAA8IAGwj73_gAAAQA0MCA4A7D_F6gkACAA0BAAAAAA-AmIMAgBAAI/d=1/excm=_b,_tp,calldesktoppageview/ed=1/dg=0/wt=2/esmo=1/rs=AL5CKSEalZcM9syEhpGt7CZDXdEPFXH0WA/m=_b,_tp:180:336
  Cga@https://meet.google.com/_/scs/mss-static/_/js/k=boq-rtc.MeetingsUi.es.ZY-wNq30fgk.2020.O/am=ph4AOAQAGABQSwJdfzAAIQEEAwAA8IAGwj73_gAAAQA0MCA4A7D_F6gkACAA0BAAAAAA-AmIMAgBAAI/d=1/excm=_b,_tp,calldesktoppageview/ed=1/dg=0/wt=2/esmo=1/rs=AL5CKSEalZcM9syEhpGt7CZDXdEPFXH0WA/m=_b,_tp:180:211
  _.Lg.prototype.wva@https://meet.google.com/_/scs/mss-static/_/js/k=boq-rtc.MeetingsUi.es.ZY-wNq30fgk.2020.O/am=ph4AOAQAGABQSwJdfzAAIQEEAwAA8IAGwj73_gAAAQA0MCA4A7D_F6gkACAA0BAAAAAA-AmIMAgBAAI/d=1/excm=_b,_tp,calldesktoppageview/ed=1/dg=0/wt=2/esmo=1/rs=AL5CKSEalZcM9syEhpGt7CZDXdEPFXH0WA/m=_b,_tp:180:79
  pga@https://meet.google.com/_/scs/mss-static/_/js/k=boq-rtc.MeetingsUi.es.ZY-wNq30fgk.2020.O/am=ph4AOAQAGABQSwJdfzAAIQEEAwAA8IAGwj73_gAAAQA0MCA4A7D_F6gkACAA0BAAAAAA-AmIMAgBAAI/d=1/excm=_b,_tp,calldesktoppageview/ed=1/dg=0/wt=2/esmo=1/rs=AL5CKSEalZcM9syEhpGt7CZDXdEPFXH0WA/m=_b,_tp:171:308
  "
  closure_uid_301195897 = 67
}
JavaScript error: https://meet.google.com/_/scs/mss-static/_/js/k=boq-rtc.MeetingsUi.es.ZY-wNq30fgk.2020.O/ck=boq-rtc.MeetingsUi.7eyXlSDaZoo.L.F4.O/am=ph4AOAQAGABQSwJdfzAAIQEEAwAA8IAGwj73_gAAAQA0MCA4A7D_F6gkACAA0BAAAAAA-AmIMAgBAAI/d=1/exm=LEikZe,_b,_tp,byfTOb,lsjVmc/excm=_b,_tp,calldesktoppageview/esmo=1/ed=1/wt=2/rs=AL5CKSGUoKNUBFM6LIxnYZoCEU_M8Vxx4w/m=n73qwf,ws9Tlc,IZT63,e5qFLc,GkRiKb,UUJqVe,O1Gjze,xUdipf,blwjVc,fKUV3e,aurFic,COQbmf,U0aPgd,ZwDk9d,V3dDOb,mI3LFb,XU5LFb,m9oV,hl,rrm,jKHFJb,WO9ee,T6U9J,lHoXXe,SFhYHb,qIJF2,rsr,sVRBvb,AePfdf,KiD3i,RqS4qe,t8N1l,ABMzYd,k2r0oe,nUMwj,FMq9Lb,O6y8ed,PrPYRd,MpJwZc,NwH0H,OmgaI,lazG7b,g9HNd,MsyKad,ma,tQz2Ve,XVMNvd,L1AAkb,KUM7Z,lfpdyf,Fl2dbf,fFdwef,Mh3sMc,GcAaod,rn9YO,Y0bgVb,s39S4,lwddkf,gychg,w9hDv,RMhBfe,tgTcU,lAg79c,TH1Apc,FJm4Gb,SdcwHb,aW3pY,PQaYAf,P1S3zf,DM8swd,pw70Gc,EFQ78c,Ulmmrd,ZfAoz,mdR7q,Ivl8bd,kbLDWb,MdUzUe,I6YDgd,N5Lqpc,fgj8Rb,xQtZb,lPKSwe,y4Nztd,gJzDyc,JNoxi,MI6k7c,kjKdXe,texUgd,xGC4Gb,llTWPd,yDVVkb,E7GzYd,QIhFr,FYCkde,hKSk3e,FSOnAf,wfcdnd,cilABe,qexExd,DNsE7e,jdrlZe,khenvb,swpmp,gtEOic,wiZ2v,QQnX0,oUdseb,WWLNXd,sPwFo,CJeEuc,tZtmyd,Tnlgmf,dWHZee,sszRX,DPQwOe,DDvSYd,NNJERe,KG2eXe,hc6Ubd,CvtcN,IVuTze,Lamzc,SpsfSb,Z7OaKe,cWjcJb,VwDzFe,LgZW9b,OdgxHf,zbML3c,zbU9W,alwr6,Ebsiqd,ixOrqc,dlck6b,kmkrAf,A7fCU,Uas9Hd,BVgquf,a9EW5e,JGjVRe,hIO81e,pjICDe, line 5519: Error: DisconnectedError, EndCause = 72
JavaScript error: https://meet.google.com/_/scs/mss-static/_/js/k=boq-rtc.MeetingsUi.es.ZY-wNq30fgk.2020.O/ck=boq-rtc.MeetingsUi.7eyXlSDaZoo.L.F4.O/am=ph4AOAQAGABQSwJdfzAAIQEEAwAA8IAGwj73_gAAAQA0MCA4A7D_F6gkACAA0BAAAAAA-AmIMAgBAAI/d=1/exm=LEikZe,_b,_tp,byfTOb,lsjVmc/excm=_b,_tp,calldesktoppageview/esmo=1/ed=1/wt=2/rs=AL5CKSGUoKNUBFM6LIxnYZoCEU_M8Vxx4w/m=n73qwf,ws9Tlc,IZT63,e5qFLc,GkRiKb,UUJqVe,O1Gjze,xUdipf,blwjVc,fKUV3e,aurFic,COQbmf,U0aPgd,ZwDk9d,V3dDOb,mI3LFb,XU5LFb,m9oV,hl,rrm,jKHFJb,WO9ee,T6U9J,lHoXXe,SFhYHb,qIJF2,rsr,sVRBvb,AePfdf,KiD3i,RqS4qe,t8N1l,ABMzYd,k2r0oe,nUMwj,FMq9Lb,O6y8ed,PrPYRd,MpJwZc,NwH0H,OmgaI,lazG7b,g9HNd,MsyKad,ma,tQz2Ve,XVMNvd,L1AAkb,KUM7Z,lfpdyf,Fl2dbf,fFdwef,Mh3sMc,GcAaod,rn9YO,Y0bgVb,s39S4,lwddkf,gychg,w9hDv,RMhBfe,tgTcU,lAg79c,TH1Apc,FJm4Gb,SdcwHb,aW3pY,PQaYAf,P1S3zf,DM8swd,pw70Gc,EFQ78c,Ulmmrd,ZfAoz,mdR7q,Ivl8bd,kbLDWb,MdUzUe,I6YDgd,N5Lqpc,fgj8Rb,xQtZb,lPKSwe,y4Nztd,gJzDyc,JNoxi,MI6k7c,kjKdXe,texUgd,xGC4Gb,llTWPd,yDVVkb,E7GzYd,QIhFr,FYCkde,hKSk3e,FSOnAf,wfcdnd,cilABe,qexExd,DNsE7e,jdrlZe,khenvb,swpmp,gtEOic,wiZ2v,QQnX0,oUdseb,WWLNXd,sPwFo,CJeEuc,tZtmyd,Tnlgmf,dWHZee,sszRX,DPQwOe,DDvSYd,NNJERe,KG2eXe,hc6Ubd,CvtcN,IVuTze,Lamzc,SpsfSb,Z7OaKe,cWjcJb,VwDzFe,LgZW9b,OdgxHf,zbML3c,zbU9W,alwr6,Ebsiqd,ixOrqc,dlck6b,kmkrAf,A7fCU,Uas9Hd,BVgquf,a9EW5e,JGjVRe,hIO81e,pjICDe, line 5519: Error: DisconnectedError, EndCause = 72
JavaScript error: https://meet.google.com/_/scs/mss-static/_/js/k=boq-rtc.MeetingsUi.es.ZY-wNq30fgk.2020.O/ck=boq-rtc.MeetingsUi.7eyXlSDaZoo.L.F4.O/am=ph4AOAQAGABQSwJdfzAAIQEEAwAA8IAGwj73_gAAAQA0MCA4A7D_F6gkACAA0BAAAAAA-AmIMAgBAAI/d=1/exm=LEikZe,_b,_tp,byfTOb,lsjVmc/excm=_b,_tp,calldesktoppageview/esmo=1/ed=1/wt=2/rs=AL5CKSGUoKNUBFM6LIxnYZoCEU_M8Vxx4w/m=n73qwf,ws9Tlc,IZT63,e5qFLc,GkRiKb,UUJqVe,O1Gjze,xUdipf,blwjVc,fKUV3e,aurFic,COQbmf,U0aPgd,ZwDk9d,V3dDOb,mI3LFb,XU5LFb,m9oV,hl,rrm,jKHFJb,WO9ee,T6U9J,lHoXXe,SFhYHb,qIJF2,rsr,sVRBvb,AePfdf,KiD3i,RqS4qe,t8N1l,ABMzYd,k2r0oe,nUMwj,FMq9Lb,O6y8ed,PrPYRd,MpJwZc,NwH0H,OmgaI,lazG7b,g9HNd,MsyKad,ma,tQz2Ve,XVMNvd,L1AAkb,KUM7Z,lfpdyf,Fl2dbf,fFdwef,Mh3sMc,GcAaod,rn9YO,Y0bgVb,s39S4,lwddkf,gychg,w9hDv,RMhBfe,tgTcU,lAg79c,TH1Apc,FJm4Gb,SdcwHb,aW3pY,PQaYAf,P1S3zf,DM8swd,pw70Gc,EFQ78c,Ulmmrd,ZfAoz,mdR7q,Ivl8bd,kbLDWb,MdUzUe,I6YDgd,N5Lqpc,fgj8Rb,xQtZb,lPKSwe,y4Nztd,gJzDyc,JNoxi,MI6k7c,kjKdXe,texUgd,xGC4Gb,llTWPd,yDVVkb,E7GzYd,QIhFr,FYCkde,hKSk3e,FSOnAf,wfcdnd,cilABe,qexExd,DNsE7e,jdrlZe,khenvb,swpmp,gtEOic,wiZ2v,QQnX0,oUdseb,WWLNXd,sPwFo,CJeEuc,tZtmyd,Tnlgmf,dWHZee,sszRX,DPQwOe,DDvSYd,NNJERe,KG2eXe,hc6Ubd,CvtcN,IVuTze,Lamzc,SpsfSb,Z7OaKe,cWjcJb,VwDzFe,LgZW9b,OdgxHf,zbML3c,zbU9W,alwr6,Ebsiqd,ixOrqc,dlck6b,kmkrAf,A7fCU,Uas9Hd,BVgquf,a9EW5e,JGjVRe,hIO81e,pjICDe, line 5519: Error: DisconnectedError, EndCause = 72
JavaScript error: , line 0: uncaught exception: Object
JavaScript error: , line 0: uncaught exception: Object
JavaScript error: , line 0: uncaught exception: Object
JavaScript error: , line 0: uncaught exception: Object
JavaScript error: , line 0: uncaught exception: Object
JavaScript error: , line 0: NotAllowedError: The request is not allowed by the user agent or the platform in the current context.
1633998017099	Marionette	INFO	Stopped listening on port 53531633998018395	mozrunner::runner	INFO	Running command: "C:\\Program Files\\Mozilla Firefox\\firefox.exe" "--marionette" "-no-remote" "-profile" "C:\\Users\\FEDERICO\\AppData\\Local\\Temp\\rust_mozprofileZeVbfR"
1633998018885	Marionette	INFO	Marionette enabled
console.warn: SearchSettings: "get: No settings file exists, new profile?" (new NotFoundError("Could not open the file at C:\\Users\\FEDERICO\\AppData\\Local\\Temp\\rust_mozprofileZeVbfR\\search.json.mozlz4", (void 0)))
1633998022053	Marionette	INFO	Listening on port 57351
1633998022589	RemoteAgent	WARN	TLS certificate errors will be ignored for this session
JavaScript warning: https://meet.google.com/_/scs/mss-static/_/js/k=boq-rtc.MeetingsUi.es.ZY-wNq30fgk.2020.O/ck=boq-rtc.MeetingsUi.7eyXlSDaZoo.L.F4.O/am=ph4AOAQAGABQSwJcfzAAIQEEAwAA8IAGwj73_gAAAQA0MCA4A7D_F6gkACAA0BCAAAAA-AmIMAgBAAI/d=1/exm=LEikZe,_b,_tp,byfTOb,lsjVmc/excm=_b,_tp,calldesktoppageview/esmo=1/ed=1/wt=2/rs=AL5CKSEoCot5vzHOlbrndO-w604qSlY60w/m=n73qwf,ws9Tlc,IZT63,e5qFLc,GkRiKb,UUJqVe,O1Gjze,xUdipf,blwjVc,fKUV3e,aurFic,COQbmf,U0aPgd,ZwDk9d,V3dDOb,mI3LFb,XU5LFb,m9oV,hl,rrm,jKHFJb,WO9ee,T6U9J,lHoXXe,SFhYHb,qIJF2,rsr,sVRBvb,AePfdf,KiD3i,RqS4qe,t8N1l,ABMzYd,k2r0oe,nUMwj,FMq9Lb,O6y8ed,PrPYRd,MpJwZc,NwH0H,OmgaI,lazG7b,g9HNd,MsyKad,ma,tQz2Ve,XVMNvd,L1AAkb,KUM7Z,lfpdyf,Fl2dbf,fFdwef,Mh3sMc,GcAaod,rn9YO,Y0bgVb,s39S4,lwddkf,gychg,w9hDv,RMhBfe,tgTcU,lAg79c,TH1Apc,FJm4Gb,SdcwHb,aW3pY,PQaYAf,P1S3zf,DM8swd,pw70Gc,EFQ78c,Ulmmrd,ZfAoz,mdR7q,Ivl8bd,kbLDWb,MdUzUe,I6YDgd,N5Lqpc,fgj8Rb,xQtZb,lPKSwe,y4Nztd,gJzDyc,JNoxi,MI6k7c,kjKdXe,texUgd,xGC4Gb,llTWPd,yDVVkb,E7GzYd,QIhFr,FYCkde,hKSk3e,FSOnAf,wfcdnd,cilABe,qexExd,DNsE7e,jdrlZe,khenvb,swpmp,gtEOic,wiZ2v,QQnX0,oUdseb,WWLNXd,sPwFo,CJeEuc,tZtmyd,Tnlgmf,dWHZee,sszRX,DPQwOe,DDvSYd,NNJERe,KG2eXe,hc6Ubd,CvtcN,IVuTze,Lamzc,SpsfSb,Z7OaKe,cWjcJb,VwDzFe,LgZW9b,OdgxHf,zbML3c,zbU9W,alwr6,Ebsiqd,ixOrqc,dlck6b,kmkrAf,A7fCU,Uas9Hd,BVgquf,a9EW5e,JGjVRe,hIO81e,pjICDe, line 1797: WEBGL_debug_renderer_info is deprecated in Firefox and will be removed. Please use RENDERER.
JavaScript error: https://meet.google.com/_/scs/mss-static/_/js/k=boq-rtc.MeetingsUi.es.ZY-wNq30fgk.2020.O/ck=boq-rtc.MeetingsUi.7eyXlSDaZoo.L.F4.O/am=ph4AOAQAGABQSwJcfzAAIQEEAwAA8IAGwj73_gAAAQA0MCA4A7D_F6gkACAA0BCAAAAA-AmIMAgBAAI/d=1/exm=LEikZe,_b,_tp,byfTOb,lsjVmc/excm=_b,_tp,calldesktoppageview/esmo=1/ed=1/wt=2/rs=AL5CKSEoCot5vzHOlbrndO-w604qSlY60w/m=n73qwf,ws9Tlc,IZT63,e5qFLc,GkRiKb,UUJqVe,O1Gjze,xUdipf,blwjVc,fKUV3e,aurFic,COQbmf,U0aPgd,ZwDk9d,V3dDOb,mI3LFb,XU5LFb,m9oV,hl,rrm,jKHFJb,WO9ee,T6U9J,lHoXXe,SFhYHb,qIJF2,rsr,sVRBvb,AePfdf,KiD3i,RqS4qe,t8N1l,ABMzYd,k2r0oe,nUMwj,FMq9Lb,O6y8ed,PrPYRd,MpJwZc,NwH0H,OmgaI,lazG7b,g9HNd,MsyKad,ma,tQz2Ve,XVMNvd,L1AAkb,KUM7Z,lfpdyf,Fl2dbf,fFdwef,Mh3sMc,GcAaod,rn9YO,Y0bgVb,s39S4,lwddkf,gychg,w9hDv,RMhBfe,tgTcU,lAg79c,TH1Apc,FJm4Gb,SdcwHb,aW3pY,PQaYAf,P1S3zf,DM8swd,pw70Gc,EFQ78c,Ulmmrd,ZfAoz,mdR7q,Ivl8bd,kbLDWb,MdUzUe,I6YDgd,N5Lqpc,fgj8Rb,xQtZb,lPKSwe,y4Nztd,gJzDyc,JNoxi,MI6k7c,kjKdXe,texUgd,xGC4Gb,llTWPd,yDVVkb,E7GzYd,QIhFr,FYCkde,hKSk3e,FSOnAf,wfcdnd,cilABe,qexExd,DNsE7e,jdrlZe,khenvb,swpmp,gtEOic,wiZ2v,QQnX0,oUdseb,WWLNXd,sPwFo,CJeEuc,tZtmyd,Tnlgmf,dWHZee,sszRX,DPQwOe,DDvSYd,NNJERe,KG2eXe,hc6Ubd,CvtcN,IVuTze,Lamzc,SpsfSb,Z7OaKe,cWjcJb,VwDzFe,LgZW9b,OdgxHf,zbML3c,zbU9W,alwr6,Ebsiqd,ixOrqc,dlck6b,kmkrAf,A7fCU,Uas9Hd,BVgquf,a9EW5e,JGjVRe,hIO81e,pjICDe, line 5519: Error: DisconnectedError, EndCause = 72
JavaScript error: https://meet.google.com/_/scs/mss-static/_/js/k=boq-rtc.MeetingsUi.es.ZY-wNq30fgk.2020.O/ck=boq-rtc.MeetingsUi.7eyXlSDaZoo.L.F4.O/am=ph4AOAQAGABQSwJcfzAAIQEEAwAA8IAGwj73_gAAAQA0MCA4A7D_F6gkACAA0BCAAAAA-AmIMAgBAAI/d=1/exm=LEikZe,_b,_tp,byfTOb,lsjVmc/excm=_b,_tp,calldesktoppageview/esmo=1/ed=1/wt=2/rs=AL5CKSEoCot5vzHOlbrndO-w604qSlY60w/m=n73qwf,ws9Tlc,IZT63,e5qFLc,GkRiKb,UUJqVe,O1Gjze,xUdipf,blwjVc,fKUV3e,aurFic,COQbmf,U0aPgd,ZwDk9d,V3dDOb,mI3LFb,XU5LFb,m9oV,hl,rrm,jKHFJb,WO9ee,T6U9J,lHoXXe,SFhYHb,qIJF2,rsr,sVRBvb,AePfdf,KiD3i,RqS4qe,t8N1l,ABMzYd,k2r0oe,nUMwj,FMq9Lb,O6y8ed,PrPYRd,MpJwZc,NwH0H,OmgaI,lazG7b,g9HNd,MsyKad,ma,tQz2Ve,XVMNvd,L1AAkb,KUM7Z,lfpdyf,Fl2dbf,fFdwef,Mh3sMc,GcAaod,rn9YO,Y0bgVb,s39S4,lwddkf,gychg,w9hDv,RMhBfe,tgTcU,lAg79c,TH1Apc,FJm4Gb,SdcwHb,aW3pY,PQaYAf,P1S3zf,DM8swd,pw70Gc,EFQ78c,Ulmmrd,ZfAoz,mdR7q,Ivl8bd,kbLDWb,MdUzUe,I6YDgd,N5Lqpc,fgj8Rb,xQtZb,lPKSwe,y4Nztd,gJzDyc,JNoxi,MI6k7c,kjKdXe,texUgd,xGC4Gb,llTWPd,yDVVkb,E7GzYd,QIhFr,FYCkde,hKSk3e,FSOnAf,wfcdnd,cilABe,qexExd,DNsE7e,jdrlZe,khenvb,swpmp,gtEOic,wiZ2v,QQnX0,oUdseb,WWLNXd,sPwFo,CJeEuc,tZtmyd,Tnlgmf,dWHZee,sszRX,DPQwOe,DDvSYd,NNJERe,KG2eXe,hc6Ubd,CvtcN,IVuTze,Lamzc,SpsfSb,Z7OaKe,cWjcJb,VwDzFe,LgZW9b,OdgxHf,zbML3c,zbU9W,alwr6,Ebsiqd,ixOrqc,dlck6b,kmkrAf,A7fCU,Uas9Hd,BVgquf,a9EW5e,JGjVRe,hIO81e,pjICDe, line 5519: Error: DisconnectedError, EndCause = 72
JavaScript error: , line 0: uncaught exception: Object
JavaScript error: , line 0: uncaught exception: Object
JavaScript error: , line 0: uncaught exception: Object
JavaScript error: https://meet.google.com/_/scs/mss-static/_/js/k=boq-rtc.MeetingsUi.es.ZY-wNq30fgk.2020.O/ck=boq-rtc.MeetingsUi.7eyXlSDaZoo.L.F4.O/am=ph4AOAQAGABQSwJcfzAAIQEEAwAA8IAGwj73_gAAAQA0MCA4A7D_F6gkACAA0BCAAAAA-AmIMAgBAAI/d=1/exm=LEikZe,_b,_tp,byfTOb,lsjVmc/excm=_b,_tp,calldesktoppageview/esmo=1/ed=1/wt=2/rs=AL5CKSEoCot5vzHOlbrndO-w604qSlY60w/m=n73qwf,ws9Tlc,IZT63,e5qFLc,GkRiKb,UUJqVe,O1Gjze,xUdipf,blwjVc,fKUV3e,aurFic,COQbmf,U0aPgd,ZwDk9d,V3dDOb,mI3LFb,XU5LFb,m9oV,hl,rrm,jKHFJb,WO9ee,T6U9J,lHoXXe,SFhYHb,qIJF2,rsr,sVRBvb,AePfdf,KiD3i,RqS4qe,t8N1l,ABMzYd,k2r0oe,nUMwj,FMq9Lb,O6y8ed,PrPYRd,MpJwZc,NwH0H,OmgaI,lazG7b,g9HNd,MsyKad,ma,tQz2Ve,XVMNvd,L1AAkb,KUM7Z,lfpdyf,Fl2dbf,fFdwef,Mh3sMc,GcAaod,rn9YO,Y0bgVb,s39S4,lwddkf,gychg,w9hDv,RMhBfe,tgTcU,lAg79c,TH1Apc,FJm4Gb,SdcwHb,aW3pY,PQaYAf,P1S3zf,DM8swd,pw70Gc,EFQ78c,Ulmmrd,ZfAoz,mdR7q,Ivl8bd,kbLDWb,MdUzUe,I6YDgd,N5Lqpc,fgj8Rb,xQtZb,lPKSwe,y4Nztd,gJzDyc,JNoxi,MI6k7c,kjKdXe,texUgd,xGC4Gb,llTWPd,yDVVkb,E7GzYd,QIhFr,FYCkde,hKSk3e,FSOnAf,wfcdnd,cilABe,qexExd,DNsE7e,jdrlZe,khenvb,swpmp,gtEOic,wiZ2v,QQnX0,oUdseb,WWLNXd,sPwFo,CJeEuc,tZtmyd,Tnlgmf,dWHZee,sszRX,DPQwOe,DDvSYd,NNJERe,KG2eXe,hc6Ubd,CvtcN,IVuTze,Lamzc,SpsfSb,Z7OaKe,cWjcJb,VwDzFe,LgZW9b,OdgxHf,zbML3c,zbU9W,alwr6,Ebsiqd,ixOrqc,dlck6b,kmkrAf,A7fCU,Uas9Hd,BVgquf,a9EW5e,JGjVRe,hIO81e,pjICDe, line 5521: Error: startupCode: 200, error = {
  Ia = 403
  Ba = {
    alt-svc = "h3=":443"; ma=2592000,h3-29=":443"; ma=2592000,h3-T051=":443"; ma=2592000,h3-Q050=":443"; ma=2592000,h3-Q046=":443"; ma=2592000,h3-Q043=":443"; ma=2592000,quic=":443"; ma=2592000; v="46,43""
    cache-control = "private"
    content-encoding = "gzip"
    content-length = "59"
    content-type = "application/x-protobuf"
    date = "Tue, 12 Oct 2021 00:20:22 GMT"
    server = "ESF"
    vary = "Origin, X-Origin, Referer"
    x-content-type-options = "nosniff"
    x-firefox-http3 = "h3"
    x-frame-options = "SAMEORIGIN"
    x-xss-protection = "0"
    closure_uid_712372021 = 68
  }
  Ga = NULL
  Ca = {
    Wda = 39
    hca = undefined
    closure_uid_712372021 = 69
  }
  Aa = {
    Kb = -1
    Ba = {
      3 = {
        closure_uid_712372021 = 72
      }
      closure_uid_712372021 = 71
    }
    Wh = NULL
    Ma = {
      0 = 7
      1 = "The caller does not have permission"
      2 = {
        closure_uid_712372021 = 74
      }
      closure_uid_712372021 = 73
    }
    Gb = 1.7976931348623157e+308
    closure_uid_712372021 = 70
    Lc = "v3Bbmc"
  }
  cause = NULL
  stack = "@https://meet.google.com/_/scs/mss-static/_/js/k=boq-rtc.MeetingsUi.es.ZY-wNq30fgk.2020.O/ck=boq-rtc.MeetingsUi.7eyXlSDaZoo.L.F4.O/am=ph4AOAQAGABQSwJcfzAAIQEEAwAA8IAGwj73_gAAAQA0MCA4A7D_F6gkACAA0BCAAAAA-AmIMAgBAAI/d=1/exm=LEikZe,_b,_tp,byfTOb,lsjVmc/excm=_b,_tp,calldesktoppageview/esmo=1/ed=1/wt=2/rs=AL5CKSEoCot5vzHOlbrndO-w604qSlY60w/m=n73qwf,ws9Tlc,IZT63,e5qFLc,GkRiKb,UUJqVe,O1Gjze,xUdipf,blwjVc,fKUV3e,aurFic,COQbmf,U0aPgd,ZwDk9d,V3dDOb,mI3LFb,XU5LFb,m9oV,hl,rrm,jKHFJb,WO9ee,T6U9J,lHoXXe,SFhYHb,qIJF2,rsr,sVRBvb,AePfdf,KiD3i,RqS4qe,t8N1l,ABMzYd,k2r0oe,nUMwj,FMq9Lb,O6y8ed,PrPYRd,MpJwZc,NwH0H,OmgaI,lazG7b,g9HNd,MsyKad,ma,tQz2Ve,XVMNvd,L1AAkb,KUM7Z,lfpdyf,Fl2dbf,fFdwef,Mh3sMc,GcAaod,rn9YO,Y0bgVb,s39S4,lwddkf,gychg,w9hDv,RMhBfe,tgTcU,lAg79c,TH1Apc,FJm4Gb,SdcwHb,aW3pY,PQaYAf,P1S3zf,DM8swd,pw70Gc,EFQ78c,Ulmmrd,ZfAoz,mdR7q,Ivl8bd,kbLDWb,MdUzUe,I6YDgd,N5Lqpc,fgj8Rb,xQtZb,lPKSwe,y4Nztd,gJzDyc,JNoxi,MI6k7c,kjKdXe,texUgd,xGC4Gb,llTWPd,yDVVkb,E7GzYd,QIhFr,FYCkde,hKSk3e,FSOnAf,wfcdnd,cilABe,qexExd,DNsE7e,jdrlZe,khenvb,swpmp,gtEOic,wiZ2v,QQnX0,oUdseb,WWLNXd,sPwFo,CJeEuc,tZtmyd,Tnlgmf,dWHZee,sszRX,DPQwOe,DDvSYd,NNJERe,KG2eXe,hc6Ubd,CvtcN,IVuTze,Lamzc,SpsfSb,Z7OaKe,cWjcJb,VwDzFe,LgZW9b,OdgxHf,zbML3c,zbU9W,alwr6,Ebsiqd,ixOrqc,dlck6b,kmkrAf,A7fCU,Uas9Hd,BVgquf,a9EW5e,JGjVRe,hIO81e,pjICDe:2916:171
  yUc/<@https://meet.google.com/_/scs/mss-static/_/js/k=boq-rtc.MeetingsUi.es.ZY-wNq30fgk.2020.O/ck=boq-rtc.MeetingsUi.7eyXlSDaZoo.L.F4.O/am=ph4AOAQAGABQSwJcfzAAIQEEAwAA8IAGwj73_gAAAQA0MCA4A7D_F6gkACAA0BCAAAAA-AmIMAgBAAI/d=1/exm=LEikZe,_b,_tp,byfTOb,lsjVmc/excm=_b,_tp,calldesktoppageview/esmo=1/ed=1/wt=2/rs=AL5CKSEoCot5vzHOlbrndO-w604qSlY60w/m=n73qwf,ws9Tlc,IZT63,e5qFLc,GkRiKb,UUJqVe,O1Gjze,xUdipf,blwjVc,fKUV3e,aurFic,COQbmf,U0aPgd,ZwDk9d,V3dDOb,mI3LFb,XU5LFb,m9oV,hl,rrm,jKHFJb,WO9ee,T6U9J,lHoXXe,SFhYHb,qIJF2,rsr,sVRBvb,AePfdf,KiD3i,RqS4qe,t8N1l,ABMzYd,k2r0oe,nUMwj,FMq9Lb,O6y8ed,PrPYRd,MpJwZc,NwH0H,OmgaI,lazG7b,g9HNd,MsyKad,ma,tQz2Ve,XVMNvd,L1AAkb,KUM7Z,lfpdyf,Fl2dbf,fFdwef,Mh3sMc,GcAaod,rn9YO,Y0bgVb,s39S4,lwddkf,gychg,w9hDv,RMhBfe,tgTcU,lAg79c,TH1Apc,FJm4Gb,SdcwHb,aW3pY,PQaYAf,P1S3zf,DM8swd,pw70Gc,EFQ78c,Ulmmrd,ZfAoz,mdR7q,Ivl8bd,kbLDWb,MdUzUe,I6YDgd,N5Lqpc,fgj8Rb,xQtZb,lPKSwe,y4Nztd,gJzDyc,JNoxi,MI6k7c,kjKdXe,texUgd,xGC4Gb,llTWPd,yDVVkb,E7GzYd,QIhFr,FYCkde,hKSk3e,FSOnAf,wfcdnd,cilABe,qexExd,DNsE7e,jdrlZe,khenvb,swpmp,gtEOic,wiZ2v,QQnX0,oUdseb,WWLNXd,sPwFo,CJeEuc,tZtmyd,Tnlgmf,dWHZee,sszRX,DPQwOe,DDvSYd,NNJERe,KG2eXe,hc6Ubd,CvtcN,IVuTze,Lamzc,SpsfSb,Z7OaKe,cWjcJb,VwDzFe,LgZW9b,OdgxHf,zbML3c,zbU9W,alwr6,Ebsiqd,ixOrqc,dlck6b,kmkrAf,A7fCU,Uas9Hd,BVgquf,a9EW5e,JGjVRe,hIO81e,pjICDe:2936:367
  
  makeRequest@https://meet.google.com/_/scs/mss-static/_/js/k=boq-rtc.MeetingsUi.es.ZY-wNq30fgk.2020.O/ck=boq-rtc.MeetingsUi.7eyXlSDaZoo.L.F4.O/am=ph4AOAQAGABQSwJcfzAAIQEEAwAA8IAGwj73_gAAAQA0MCA4A7D_F6gkACAA0BCAAAAA-AmIMAgBAAI/d=1/exm=LEikZe,_b,_tp,byfTOb,lsjVmc/excm=_b,_tp,calldesktoppageview/esmo=1/ed=1/wt=2/rs=AL5CKSEoCot5vzHOlbrndO-w604qSlY60w/m=n73qwf,ws9Tlc,IZT63,e5qFLc,GkRiKb,UUJqVe,O1Gjze,xUdipf,blwjVc,fKUV3e,aurFic,COQbmf,U0aPgd,ZwDk9d,V3dDOb,mI3LFb,XU5LFb,m9oV,hl,rrm,jKHFJb,WO9ee,T6U9J,lHoXXe,SFhYHb,qIJF2,rsr,sVRBvb,AePfdf,KiD3i,RqS4qe,t8N1l,ABMzYd,k2r0oe,nUMwj,FMq9Lb,O6y8ed,PrPYRd,MpJwZc,NwH0H,OmgaI,lazG7b,g9HNd,MsyKad,ma,tQz2Ve,XVMNvd,L1AAkb,KUM7Z,lfpdyf,Fl2dbf,fFdwef,Mh3sMc,GcAaod,rn9YO,Y0bgVb,s39S4,lwddkf,gychg,w9hDv,RMhBfe,tgTcU,lAg79c,TH1Apc,FJm4Gb,SdcwHb,aW3pY,PQaYAf,P1S3zf,DM8swd,pw70Gc,EFQ78c,Ulmmrd,ZfAoz,mdR7q,Ivl8bd,kbLDWb,MdUzUe,I6YDgd,N5Lqpc,fgj8Rb,xQtZb,lPKSwe,y4Nztd,gJzDyc,JNoxi,MI6k7c,kjKdXe,texUgd,xGC4Gb,llTWPd,yDVVkb,E7GzYd,QIhFr,FYCkde,hKSk3e,FSOnAf,wfcdnd,cilABe,qexExd,DNsE7e,jdrlZe,khenvb,swpmp,gtEOic,wiZ2v,QQnX0,oUdseb,WWLNXd,sPwFo,CJeEuc,tZtmyd,Tnlgmf,dWHZee,sszRX,DPQwOe,DDvSYd,NNJERe,KG2eXe,hc6Ubd,CvtcN,IVuTze,Lamzc,SpsfSb,Z7OaKe,cWjcJb,VwDzFe,LgZW9b,OdgxHf,zbML3c,zbU9W,alwr6,Ebsiqd,ixOrqc,dlck6b,kmkrAf,A7fCU,Uas9Hd,BVgquf,a9EW5e,JGjVRe,hIO81e,pjICDe:2954:140
  _.OYc@https://meet.google.com/_/scs/mss-static/_/js/k=boq-rtc.MeetingsUi.es.ZY-wNq30fgk.2020.O/ck=boq-rtc.MeetingsUi.7eyXlSDaZoo.L.F4.O/am=ph4AOAQAGABQSwJcfzAAIQEEAwAA8IAGwj73_gAAAQA0MCA4A7D_F6gkACAA0BCAAAAA-AmIMAgBAAI/d=1/exm=LEikZe,_b,_tp,byfTOb,lsjVmc/excm=_b,_tp,calldesktoppageview/esmo=1/ed=1/wt=2/rs=AL5CKSEoCot5vzHOlbrndO-w604qSlY60w/m=n73qwf,ws9Tlc,IZT63,e5qFLc,GkRiKb,UUJqVe,O1Gjze,xUdipf,blwjVc,fKUV3e,aurFic,COQbmf,U0aPgd,ZwDk9d,V3dDOb,mI3LFb,XU5LFb,m9oV,hl,rrm,jKHFJb,WO9ee,T6U9J,lHoXXe,SFhYHb,qIJF2,rsr,sVRBvb,AePfdf,KiD3i,RqS4qe,t8N1l,ABMzYd,k2r0oe,nUMwj,FMq9Lb,O6y8ed,PrPYRd,MpJwZc,NwH0H,OmgaI,lazG7b,g9HNd,MsyKad,ma,tQz2Ve,XVMNvd,L1AAkb,KUM7Z,lfpdyf,Fl2dbf,fFdwef,Mh3sMc,GcAaod,rn9YO,Y0bgVb,s39S4,lwddkf,gychg,w9hDv,RMhBfe,tgTcU,lAg79c,TH1Apc,FJm4Gb,SdcwHb,aW3pY,PQaYAf,P1S3zf,DM8swd,pw70Gc,EFQ78c,Ulmmrd,ZfAoz,mdR7q,Ivl8bd,kbLDWb,MdUzUe,I6YDgd,N5Lqpc,fgj8Rb,xQtZb,lPKSwe,y4Nztd,gJzDyc,JNoxi,MI6k7c,kjKdXe,texUgd,xGC4Gb,llTWPd,yDVVkb,E7GzYd,QIhFr,FYCkde,hKSk3e,FSOnAf,wfcdnd,cilABe,qexExd,DNsE7e,jdrlZe,khenvb,swpmp,gtEOic,wiZ2v,QQnX0,oUdseb,WWLNXd,sPwFo,CJeEuc,tZtmyd,Tnlgmf,dWHZee,sszRX,DPQwOe,DDvSYd,NNJERe,KG2eXe,hc6Ubd,CvtcN,IVuTze,Lamzc,SpsfSb,Z7OaKe,cWjcJb,VwDzFe,LgZW9b,OdgxHf,zbML3c,zbU9W,alwr6,Ebsiqd,ixOrqc,dlck6b,kmkrAf,A7fCU,Uas9Hd,BVgquf,a9EW5e,JGjVRe,hIO81e,pjICDe:3470:327
  _.VYc@https://meet.google.com/_/scs/mss-static/_/js/k=boq-rtc.MeetingsUi.es.ZY-wNq30fgk.2020.O/ck=boq-rtc.MeetingsUi.7eyXlSDaZoo.L.F4.O/am=ph4AOAQAGABQSwJcfzAAIQEEAwAA8IAGwj73_gAAAQA0MCA4A7D_F6gkACAA0BCAAAAA-AmIMAgBAAI/d=1/exm=LEikZe,_b,_tp,byfTOb,lsjVmc/excm=_b,_tp,calldesktoppageview/esmo=1/ed=1/wt=2/rs=AL5CKSEoCot5vzHOlbrndO-w604qSlY60w/m=n73qwf,ws9Tlc,IZT63,e5qFLc,GkRiKb,UUJqVe,O1Gjze,xUdipf,blwjVc,fKUV3e,aurFic,COQbmf,U0aPgd,ZwDk9d,V3dDOb,mI3LFb,XU5LFb,m9oV,hl,rrm,jKHFJb,WO9ee,T6U9J,lHoXXe,SFhYHb,qIJF2,rsr,sVRBvb,AePfdf,KiD3i,RqS4qe,t8N1l,ABMzYd,k2r0oe,nUMwj,FMq9Lb,O6y8ed,PrPYRd,MpJwZc,NwH0H,OmgaI,lazG7b,g9HNd,MsyKad,ma,tQz2Ve,XVMNvd,L1AAkb,KUM7Z,lfpdyf,Fl2dbf,fFdwef,Mh3sMc,GcAaod,rn9YO,Y0bgVb,s39S4,lwddkf,gychg,w9hDv,RMhBfe,tgTcU,lAg79c,TH1Apc,FJm4Gb,SdcwHb,aW3pY,PQaYAf,P1S3zf,DM8swd,pw70Gc,EFQ78c,Ulmmrd,ZfAoz,mdR7q,Ivl8bd,kbLDWb,MdUzUe,I6YDgd,N5Lqpc,fgj8Rb,xQtZb,lPKSwe,y4Nztd,gJzDyc,JNoxi,MI6k7c,kjKdXe,texUgd,xGC4Gb,llTWPd,yDVVkb,E7GzYd,QIhFr,FYCkde,hKSk3e,FSOnAf,wfcdnd,cilABe,qexExd,DNsE7e,jdrlZe,khenvb,swpmp,gtEOic,wiZ2v,QQnX0,oUdseb,WWLNXd,sPwFo,CJeEuc,tZtmyd,Tnlgmf,dWHZee,sszRX,DPQwOe,DDvSYd,NNJERe,KG2eXe,hc6Ubd,CvtcN,IVuTze,Lamzc,SpsfSb,Z7OaKe,cWjcJb,VwDzFe,LgZW9b,OdgxHf,zbML3c,zbU9W,alwr6,Ebsiqd,ixOrqc,dlck6b,kmkrAf,A7fCU,Uas9Hd,BVgquf,a9EW5e,JGjVRe,hIO81e,pjICDe:3475:363
  apa@https://meet.google.com/_/scs/mss-static/_/js/k=boq-rtc.MeetingsUi.es.ZY-wNq30fgk.2020.O/ck=boq-rtc.MeetingsUi.7eyXlSDaZoo.L.F4.O/am=ph4AOAQAGABQSwJcfzAAIQEEAwAA8IAGwj73_gAAAQA0MCA4A7D_F6gkACAA0BCAAAAA-AmIMAgBAAI/d=1/exm=LEikZe,_b,_tp,byfTOb,lsjVmc/excm=_b,_tp,calldesktoppageview/esmo=1/ed=1/wt=2/rs=AL5CKSEoCot5vzHOlbrndO-w604qSlY60w/m=n73qwf,ws9Tlc,IZT63,e5qFLc,GkRiKb,UUJqVe,O1Gjze,xUdipf,blwjVc,fKUV3e,aurFic,COQbmf,U0aPgd,ZwDk9d,V3dDOb,mI3LFb,XU5LFb,m9oV,hl,rrm,jKHFJb,WO9ee,T6U9J,lHoXXe,SFhYHb,qIJF2,rsr,sVRBvb,AePfdf,KiD3i,RqS4qe,t8N1l,ABMzYd,k2r0oe,nUMwj,FMq9Lb,O6y8ed,PrPYRd,MpJwZc,NwH0H,OmgaI,lazG7b,g9HNd,MsyKad,ma,tQz2Ve,XVMNvd,L1AAkb,KUM7Z,lfpdyf,Fl2dbf,fFdwef,Mh3sMc,GcAaod,rn9YO,Y0bgVb,s39S4,lwddkf,gychg,w9hDv,RMhBfe,tgTcU,lAg79c,TH1Apc,FJm4Gb,SdcwHb,aW3pY,PQaYAf,P1S3zf,DM8swd,pw70Gc,EFQ78c,Ulmmrd,ZfAoz,mdR7q,Ivl8bd,kbLDWb,MdUzUe,I6YDgd,N5Lqpc,fgj8Rb,xQtZb,lPKSwe,y4Nztd,gJzDyc,JNoxi,MI6k7c,kjKdXe,texUgd,xGC4Gb,llTWPd,yDVVkb,E7GzYd,QIhFr,FYCkde,hKSk3e,FSOnAf,wfcdnd,cilABe,qexExd,DNsE7e,jdrlZe,khenvb,swpmp,gtEOic,wiZ2v,QQnX0,oUdseb,WWLNXd,sPwFo,CJeEuc,tZtmyd,Tnlgmf,dWHZee,sszRX,DPQwOe,DDvSYd,NNJERe,KG2eXe,hc6Ubd,CvtcN,IVuTze,Lamzc,SpsfSb,Z7OaKe,cWjcJb,VwDzFe,LgZW9b,OdgxHf,zbML3c,zbU9W,alwr6,Ebsiqd,ixOrqc,dlck6b,kmkrAf,A7fCU,Uas9Hd,BVgquf,a9EW5e,JGjVRe,hIO81e,pjICDe:3476:164
  apa@https://meet.google.com/_/scs/mss-static/_/js/k=boq-rtc.MeetingsUi.es.ZY-wNq30fgk.2020.O/ck=boq-rtc.MeetingsUi.7eyXlSDaZoo.L.F4.O/am=ph4AOAQAGABQSwJcfzAAIQEEAwAA8IAGwj73_gAAAQA0MCA4A7D_F6gkACAA0BCAAAAA-AmIMAgBAAI/d=1/exm=LEikZe,_b,_tp,byfTOb,lsjVmc/excm=_b,_tp,calldesktoppageview/esmo=1/ed=1/wt=2/rs=AL5CKSEoCot5vzHOlbrndO-w604qSlY60w/m=n73qwf,ws9Tlc,IZT63,e5qFLc,GkRiKb,UUJqVe,O1Gjze,xUdipf,blwjVc,fKUV3e,aurFic,COQbmf,U0aPgd,ZwDk9d,V3dDOb,mI3LFb,XU5LFb,m9oV,hl,rrm,jKHFJb,WO9ee,T6U9J,lHoXXe,SFhYHb,qIJF2,rsr,sVRBvb,AePfdf,KiD3i,RqS4qe,t8N1l,ABMzYd,k2r0oe,nUMwj,FMq9Lb,O6y8ed,PrPYRd,MpJwZc,NwH0H,OmgaI,lazG7b,g9HNd,MsyKad,ma,tQz2Ve,XVMNvd,L1AAkb,KUM7Z,lfpdyf,Fl2dbf,fFdwef,Mh3sMc,GcAaod,rn9YO,Y0bgVb,s39S4,lwddkf,gychg,w9hDv,RMhBfe,tgTcU,lAg79c,TH1Apc,FJm4Gb,SdcwHb,aW3pY,PQaYAf,P1S3zf,DM8swd,pw70Gc,EFQ78c,Ulmmrd,ZfAoz,mdR7q,Ivl8bd,kbLDWb,MdUzUe,I6YDgd,N5Lqpc,fgj8Rb,xQtZb,lPKSwe,y4Nztd,gJzDyc,JNoxi,MI6k7c,kjKdXe,texUgd,xGC4Gb,llTWPd,yDVVkb,E7GzYd,QIhFr,FYCkde,hKSk3e,FSOnAf,wfcdnd,cilABe,qexExd,DNsE7e,jdrlZe,khenvb,swpmp,gtEOic,wiZ2v,QQnX0,oUdseb,WWLNXd,sPwFo,CJeEuc,tZtmyd,Tnlgmf,dWHZee,sszRX,DPQwOe,DDvSYd,NNJERe,KG2eXe,hc6Ubd,CvtcN,IVuTze,Lamzc,SpsfSb,Z7OaKe,cWjcJb,VwDzFe,LgZW9b,OdgxHf,zbML3c,zbU9W,alwr6,Ebsiqd,ixOrqc,dlck6b,kmkrAf,A7fCU,Uas9Hd,BVgquf,a9EW5e,JGjVRe,hIO81e,pjICDe:3752:264
  $qe@https://meet.google.com/_/scs/mss-static/_/js/k=boq-rtc.MeetingsUi.es.ZY-wNq30fgk.2020.O/ck=boq-rtc.MeetingsUi.7eyXlSDaZoo.L.F4.O/am=ph4AOAQAGABQSwJcfzAAIQEEAwAA8IAGwj73_gAAAQA0MCA4A7D_F6gkACAA0BCAAAAA-AmIMAgBAAI/d=1/exm=LEikZe,_b,_tp,byfTOb,lsjVmc/excm=_b,_tp,calldesktoppageview/esmo=1/ed=1/wt=2/rs=AL5CKSEoCot5vzHOlbrndO-w604qSlY60w/m=n73qwf,ws9Tlc,IZT63,e5qFLc,GkRiKb,UUJqVe,O1Gjze,xUdipf,blwjVc,fKUV3e,aurFic,COQbmf,U0aPgd,ZwDk9d,V3dDOb,mI3LFb,XU5LFb,m9oV,hl,rrm,jKHFJb,WO9ee,T6U9J,lHoXXe,SFhYHb,qIJF2,rsr,sVRBvb,AePfdf,KiD3i,RqS4qe,t8N1l,ABMzYd,k2r0oe,nUMwj,FMq9Lb,O6y8ed,PrPYRd,MpJwZc,NwH0H,OmgaI,lazG7b,g9HNd,MsyKad,ma,tQz2Ve,XVMNvd,L1AAkb,KUM7Z,lfpdyf,Fl2dbf,fFdwef,Mh3sMc,GcAaod,rn9YO,Y0bgVb,s39S4,lwddkf,gychg,w9hDv,RMhBfe,tgTcU,lAg79c,TH1Apc,FJm4Gb,SdcwHb,aW3pY,PQaYAf,P1S3zf,DM8swd,pw70Gc,EFQ78c,Ulmmrd,ZfAoz,mdR7q,Ivl8bd,kbLDWb,MdUzUe,I6YDgd,N5Lqpc,fgj8Rb,xQtZb,lPKSwe,y4Nztd,gJzDyc,JNoxi,MI6k7c,kjKdXe,texUgd,xGC4Gb,llTWPd,yDVVkb,E7GzYd,QIhFr,FYCkde,hKSk3e,FSOnAf,wfcdnd,cilABe,qexExd,DNsE7e,jdrlZe,khenvb,swpmp,gtEOic,wiZ2v,QQnX0,oUdseb,WWLNXd,sPwFo,CJeEuc,tZtmyd,Tnlgmf,dWHZee,sszRX,DPQwOe,DDvSYd,NNJERe,KG2eXe,hc6Ubd,CvtcN,IVuTze,Lamzc,SpsfSb,Z7OaKe,cWjcJb,VwDzFe,LgZW9b,OdgxHf,zbML3c,zbU9W,alwr6,Ebsiqd,ixOrqc,dlck6b,kmkrAf,A7fCU,Uas9Hd,BVgquf,a9EW5e,JGjVRe,hIO81e,pjICDe:5756:141
  bre@https://meet.google.com/_/scs/mss-static/_/js/k=boq-rtc.MeetingsUi.es.ZY-wNq30fgk.2020.O/ck=boq-rtc.MeetingsUi.7eyXlSDaZoo.L.F4.O/am=ph4AOAQAGABQSwJcfzAAIQEEAwAA8IAGwj73_gAAAQA0MCA4A7D_F6gkACAA0BCAAAAA-AmIMAgBAAI/d=1/exm=LEikZe,_b,_tp,byfTOb,lsjVmc/excm=_b,_tp,calldesktoppageview/esmo=1/ed=1/wt=2/rs=AL5CKSEoCot5vzHOlbrndO-w604qSlY60w/m=n73qwf,ws9Tlc,IZT63,e5qFLc,GkRiKb,UUJqVe,O1Gjze,xUdipf,blwjVc,fKUV3e,aurFic,COQbmf,U0aPgd,ZwDk9d,V3dDOb,mI3LFb,XU5LFb,m9oV,hl,rrm,jKHFJb,WO9ee,T6U9J,lHoXXe,SFhYHb,qIJF2,rsr,sVRBvb,AePfdf,KiD3i,RqS4qe,t8N1l,ABMzYd,k2r0oe,nUMwj,FMq9Lb,O6y8ed,PrPYRd,MpJwZc,NwH0H,OmgaI,lazG7b,g9HNd,MsyKad,ma,tQz2Ve,XVMNvd,L1AAkb,KUM7Z,lfpdyf,Fl2dbf,fFdwef,Mh3sMc,GcAaod,rn9YO,Y0bgVb,s39S4,lwddkf,gychg,w9hDv,RMhBfe,tgTcU,lAg79c,TH1Apc,FJm4Gb,SdcwHb,aW3pY,PQaYAf,P1S3zf,DM8swd,pw70Gc,EFQ78c,Ulmmrd,ZfAoz,mdR7q,Ivl8bd,kbLDWb,MdUzUe,I6YDgd,N5Lqpc,fgj8Rb,xQtZb,lPKSwe,y4Nztd,gJzDyc,JNoxi,MI6k7c,kjKdXe,texUgd,xGC4Gb,llTWPd,yDVVkb,E7GzYd,QIhFr,FYCkde,hKSk3e,FSOnAf,wfcdnd,cilABe,qexExd,DNsE7e,jdrlZe,khenvb,swpmp,gtEOic,wiZ2v,QQnX0,oUdseb,WWLNXd,sPwFo,CJeEuc,tZtmyd,Tnlgmf,dWHZee,sszRX,DPQwOe,DDvSYd,NNJERe,KG2eXe,hc6Ubd,CvtcN,IVuTze,Lamzc,SpsfSb,Z7OaKe,cWjcJb,VwDzFe,LgZW9b,OdgxHf,zbML3c,zbU9W,alwr6,Ebsiqd,ixOrqc,dlck6b,kmkrAf,A7fCU,Uas9Hd,BVgquf,a9EW5e,JGjVRe,hIO81e,pjICDe:5751:63
  @https://meet.google.com/_/scs/mss-static/_/js/k=boq-rtc.MeetingsUi.es.ZY-wNq30fgk.2020.O/ck=boq-rtc.MeetingsUi.7eyXlSDaZoo.L.F4.O/am=ph4AOAQAGABQSwJcfzAAIQEEAwAA8IAGwj73_gAAAQA0MCA4A7D_F6gkACAA0BCAAAAA-AmIMAgBAAI/d=1/exm=LEikZe,_b,_tp,byfTOb,lsjVmc/excm=_b,_tp,calldesktoppageview/esmo=1/ed=1/wt=2/rs=AL5CKSEoCot5vzHOlbrndO-w604qSlY60w/m=n73qwf,ws9Tlc,IZT63,e5qFLc,GkRiKb,UUJqVe,O1Gjze,xUdipf,blwjVc,fKUV3e,aurFic,COQbmf,U0aPgd,ZwDk9d,V3dDOb,mI3LFb,XU5LFb,m9oV,hl,rrm,jKHFJb,WO9ee,T6U9J,lHoXXe,SFhYHb,qIJF2,rsr,sVRBvb,AePfdf,KiD3i,RqS4qe,t8N1l,ABMzYd,k2r0oe,nUMwj,FMq9Lb,O6y8ed,PrPYRd,MpJwZc,NwH0H,OmgaI,lazG7b,g9HNd,MsyKad,ma,tQz2Ve,XVMNvd,L1AAkb,KUM7Z,lfpdyf,Fl2dbf,fFdwef,Mh3sMc,GcAaod,rn9YO,Y0bgVb,s39S4,lwddkf,gychg,w9hDv,RMhBfe,tgTcU,lAg79c,TH1Apc,FJm4Gb,SdcwHb,aW3pY,PQaYAf,P1S3zf,DM8swd,pw70Gc,EFQ78c,Ulmmrd,ZfAoz,mdR7q,Ivl8bd,kbLDWb,MdUzUe,I6YDgd,N5Lqpc,fgj8Rb,xQtZb,lPKSwe,y4Nztd,gJzDyc,JNoxi,MI6k7c,kjKdXe,texUgd,xGC4Gb,llTWPd,yDVVkb,E7GzYd,QIhFr,FYCkde,hKSk3e,FSOnAf,wfcdnd,cilABe,qexExd,DNsE7e,jdrlZe,khenvb,swpmp,gtEOic,wiZ2v,QQnX0,oUdseb,WWLNXd,sPwFo,CJeEuc,tZtmyd,Tnlgmf,dWHZee,sszRX,DPQwOe,DDvSYd,NNJERe,KG2eXe,hc6Ubd,CvtcN,IVuTze,Lamzc,SpsfSb,Z7OaKe,cWjcJb,VwDzFe,LgZW9b,OdgxHf,zbML3c,zbU9W,alwr6,Ebsiqd,ixOrqc,dlck6b,kmkrAf,A7fCU,Uas9Hd,BVgquf,a9EW5e,JGjVRe,hIO81e,pjICDe:5769:363
  yga/e.oa</e.Ba<@https://meet.google.com/_/scs/mss-static/_/js/k=boq-rtc.MeetingsUi.es.ZY-wNq30fgk.2020.O/am=ph4AOAQAGABQSwJcfzAAIQEEAwAA8IAGwj73_gAAAQA0MCA4A7D_F6gkACAA0BCAAAAA-AmIMAgBAAI/d=1/excm=_b,_tp,calldesktoppageview/ed=1/dg=0/wt=2/esmo=1/rs=AL5CKSGj37avn5dpyf1RWSWPMNNU2jNwuA/m=_b,_tp:177:470
  Gga@https://meet.google.com/_/scs/mss-static/_/js/k=boq-rtc.MeetingsUi.es.ZY-wNq30fgk.2020.O/am=ph4AOAQAGABQSwJcfzAAIQEEAwAA8IAGwj73_gAAAQA0MCA4A7D_F6gkACAA0BCAAAAA-AmIMAgBAAI/d=1/excm=_b,_tp,calldesktoppageview/ed=1/dg=0/wt=2/esmo=1/rs=AL5CKSGj37avn5dpyf1RWSWPMNNU2jNwuA/m=_b,_tp:180:336
  Cga@https://meet.google.com/_/scs/mss-static/_/js/k=boq-rtc.MeetingsUi.es.ZY-wNq30fgk.2020.O/am=ph4AOAQAGABQSwJcfzAAIQEEAwAA8IAGwj73_gAAAQA0MCA4A7D_F6gkACAA0BCAAAAA-AmIMAgBAAI/d=1/excm=_b,_tp,calldesktoppageview/ed=1/dg=0/wt=2/esmo=1/rs=AL5CKSGj37avn5dpyf1RWSWPMNNU2jNwuA/m=_b,_tp:180:211
  _.Lg.prototype.wva@https://meet.google.com/_/scs/mss-static/_/js/k=boq-rtc.MeetingsUi.es.ZY-wNq30fgk.2020.O/am=ph4AOAQAGABQSwJcfzAAIQEEAwAA8IAGwj73_gAAAQA0MCA4A7D_F6gkACAA0BCAAAAA-AmIMAgBAAI/d=1/excm=_b,_tp,calldesktoppageview/ed=1/dg=0/wt=2/esmo=1/rs=AL5CKSGj37avn5dpyf1RWSWPMNNU2jNwuA/m=_b,_tp:180:79
  pga@https://meet.google.com/_/scs/mss-static/_/js/k=boq-rtc.MeetingsUi.es.ZY-wNq30fgk.2020.O/am=ph4AOAQAGABQSwJcfzAAIQEEAwAA8IAGwj73_gAAAQA0MCA4A7D_F6gkACAA0BCAAAAA-AmIMAgBAAI/d=1/excm=_b,_tp,calldesktoppageview/ed=1/dg=0/wt=2/esmo=1/rs=AL5CKSGj37avn5dpyf1RWSWPMNNU2jNwuA/m=_b,_tp:171:308
  "
  closure_uid_712372021 = 67
}
JavaScript error: https://meet.google.com/_/scs/mss-static/_/js/k=boq-rtc.MeetingsUi.es.ZY-wNq30fgk.2020.O/ck=boq-rtc.MeetingsUi.7eyXlSDaZoo.L.F4.O/am=ph4AOAQAGABQSwJcfzAAIQEEAwAA8IAGwj73_gAAAQA0MCA4A7D_F6gkACAA0BCAAAAA-AmIMAgBAAI/d=1/exm=LEikZe,_b,_tp,byfTOb,lsjVmc/excm=_b,_tp,calldesktoppageview/esmo=1/ed=1/wt=2/rs=AL5CKSEoCot5vzHOlbrndO-w604qSlY60w/m=n73qwf,ws9Tlc,IZT63,e5qFLc,GkRiKb,UUJqVe,O1Gjze,xUdipf,blwjVc,fKUV3e,aurFic,COQbmf,U0aPgd,ZwDk9d,V3dDOb,mI3LFb,XU5LFb,m9oV,hl,rrm,jKHFJb,WO9ee,T6U9J,lHoXXe,SFhYHb,qIJF2,rsr,sVRBvb,AePfdf,KiD3i,RqS4qe,t8N1l,ABMzYd,k2r0oe,nUMwj,FMq9Lb,O6y8ed,PrPYRd,MpJwZc,NwH0H,OmgaI,lazG7b,g9HNd,MsyKad,ma,tQz2Ve,XVMNvd,L1AAkb,KUM7Z,lfpdyf,Fl2dbf,fFdwef,Mh3sMc,GcAaod,rn9YO,Y0bgVb,s39S4,lwddkf,gychg,w9hDv,RMhBfe,tgTcU,lAg79c,TH1Apc,FJm4Gb,SdcwHb,aW3pY,PQaYAf,P1S3zf,DM8swd,pw70Gc,EFQ78c,Ulmmrd,ZfAoz,mdR7q,Ivl8bd,kbLDWb,MdUzUe,I6YDgd,N5Lqpc,fgj8Rb,xQtZb,lPKSwe,y4Nztd,gJzDyc,JNoxi,MI6k7c,kjKdXe,texUgd,xGC4Gb,llTWPd,yDVVkb,E7GzYd,QIhFr,FYCkde,hKSk3e,FSOnAf,wfcdnd,cilABe,qexExd,DNsE7e,jdrlZe,khenvb,swpmp,gtEOic,wiZ2v,QQnX0,oUdseb,WWLNXd,sPwFo,CJeEuc,tZtmyd,Tnlgmf,dWHZee,sszRX,DPQwOe,DDvSYd,NNJERe,KG2eXe,hc6Ubd,CvtcN,IVuTze,Lamzc,SpsfSb,Z7OaKe,cWjcJb,VwDzFe,LgZW9b,OdgxHf,zbML3c,zbU9W,alwr6,Ebsiqd,ixOrqc,dlck6b,kmkrAf,A7fCU,Uas9Hd,BVgquf,a9EW5e,JGjVRe,hIO81e,pjICDe, line 5519: Error: DisconnectedError, EndCause = 72
JavaScript error: https://meet.google.com/_/scs/mss-static/_/js/k=boq-rtc.MeetingsUi.es.ZY-wNq30fgk.2020.O/ck=boq-rtc.MeetingsUi.7eyXlSDaZoo.L.F4.O/am=ph4AOAQAGABQSwJcfzAAIQEEAwAA8IAGwj73_gAAAQA0MCA4A7D_F6gkACAA0BCAAAAA-AmIMAgBAAI/d=1/exm=LEikZe,_b,_tp,byfTOb,lsjVmc/excm=_b,_tp,calldesktoppageview/esmo=1/ed=1/wt=2/rs=AL5CKSEoCot5vzHOlbrndO-w604qSlY60w/m=n73qwf,ws9Tlc,IZT63,e5qFLc,GkRiKb,UUJqVe,O1Gjze,xUdipf,blwjVc,fKUV3e,aurFic,COQbmf,U0aPgd,ZwDk9d,V3dDOb,mI3LFb,XU5LFb,m9oV,hl,rrm,jKHFJb,WO9ee,T6U9J,lHoXXe,SFhYHb,qIJF2,rsr,sVRBvb,AePfdf,KiD3i,RqS4qe,t8N1l,ABMzYd,k2r0oe,nUMwj,FMq9Lb,O6y8ed,PrPYRd,MpJwZc,NwH0H,OmgaI,lazG7b,g9HNd,MsyKad,ma,tQz2Ve,XVMNvd,L1AAkb,KUM7Z,lfpdyf,Fl2dbf,fFdwef,Mh3sMc,GcAaod,rn9YO,Y0bgVb,s39S4,lwddkf,gychg,w9hDv,RMhBfe,tgTcU,lAg79c,TH1Apc,FJm4Gb,SdcwHb,aW3pY,PQaYAf,P1S3zf,DM8swd,pw70Gc,EFQ78c,Ulmmrd,ZfAoz,mdR7q,Ivl8bd,kbLDWb,MdUzUe,I6YDgd,N5Lqpc,fgj8Rb,xQtZb,lPKSwe,y4Nztd,gJzDyc,JNoxi,MI6k7c,kjKdXe,texUgd,xGC4Gb,llTWPd,yDVVkb,E7GzYd,QIhFr,FYCkde,hKSk3e,FSOnAf,wfcdnd,cilABe,qexExd,DNsE7e,jdrlZe,khenvb,swpmp,gtEOic,wiZ2v,QQnX0,oUdseb,WWLNXd,sPwFo,CJeEuc,tZtmyd,Tnlgmf,dWHZee,sszRX,DPQwOe,DDvSYd,NNJERe,KG2eXe,hc6Ubd,CvtcN,IVuTze,Lamzc,SpsfSb,Z7OaKe,cWjcJb,VwDzFe,LgZW9b,OdgxHf,zbML3c,zbU9W,alwr6,Ebsiqd,ixOrqc,dlck6b,kmkrAf,A7fCU,Uas9Hd,BVgquf,a9EW5e,JGjVRe,hIO81e,pjICDe, line 5519: Error: DisconnectedError, EndCause = 72
JavaScript error: https://meet.google.com/_/scs/mss-static/_/js/k=boq-rtc.MeetingsUi.es.ZY-wNq30fgk.2020.O/ck=boq-rtc.MeetingsUi.7eyXlSDaZoo.L.F4.O/am=ph4AOAQAGABQSwJcfzAAIQEEAwAA8IAGwj73_gAAAQA0MCA4A7D_F6gkACAA0BCAAAAA-AmIMAgBAAI/d=1/exm=LEikZe,_b,_tp,byfTOb,lsjVmc/excm=_b,_tp,calldesktoppageview/esmo=1/ed=1/wt=2/rs=AL5CKSEoCot5vzHOlbrndO-w604qSlY60w/m=n73qwf,ws9Tlc,IZT63,e5qFLc,GkRiKb,UUJqVe,O1Gjze,xUdipf,blwjVc,fKUV3e,aurFic,COQbmf,U0aPgd,ZwDk9d,V3dDOb,mI3LFb,XU5LFb,m9oV,hl,rrm,jKHFJb,WO9ee,T6U9J,lHoXXe,SFhYHb,qIJF2,rsr,sVRBvb,AePfdf,KiD3i,RqS4qe,t8N1l,ABMzYd,k2r0oe,nUMwj,FMq9Lb,O6y8ed,PrPYRd,MpJwZc,NwH0H,OmgaI,lazG7b,g9HNd,MsyKad,ma,tQz2Ve,XVMNvd,L1AAkb,KUM7Z,lfpdyf,Fl2dbf,fFdwef,Mh3sMc,GcAaod,rn9YO,Y0bgVb,s39S4,lwddkf,gychg,w9hDv,RMhBfe,tgTcU,lAg79c,TH1Apc,FJm4Gb,SdcwHb,aW3pY,PQaYAf,P1S3zf,DM8swd,pw70Gc,EFQ78c,Ulmmrd,ZfAoz,mdR7q,Ivl8bd,kbLDWb,MdUzUe,I6YDgd,N5Lqpc,fgj8Rb,xQtZb,lPKSwe,y4Nztd,gJzDyc,JNoxi,MI6k7c,kjKdXe,texUgd,xGC4Gb,llTWPd,yDVVkb,E7GzYd,QIhFr,FYCkde,hKSk3e,FSOnAf,wfcdnd,cilABe,qexExd,DNsE7e,jdrlZe,khenvb,swpmp,gtEOic,wiZ2v,QQnX0,oUdseb,WWLNXd,sPwFo,CJeEuc,tZtmyd,Tnlgmf,dWHZee,sszRX,DPQwOe,DDvSYd,NNJERe,KG2eXe,hc6Ubd,CvtcN,IVuTze,Lamzc,SpsfSb,Z7OaKe,cWjcJb,VwDzFe,LgZW9b,OdgxHf,zbML3c,zbU9W,alwr6,Ebsiqd,ixOrqc,dlck6b,kmkrAf,A7fCU,Uas9Hd,BVgquf,a9EW5e,JGjVRe,hIO81e,pjICDe, line 5519: Error: DisconnectedError, EndCause = 72
JavaScript error: , line 0: uncaught exception: Object
JavaScript error: , line 0: uncaught exception: Object
JavaScript error: , line 0: uncaught exception: Object
JavaScript error: , line 0: uncaught exception: Object
JavaScript error: , line 0: uncaught exception: Object
1633998039244	Marionette	INFO	Stopped listening on port 57351
JavaScript error: resource:///modules/Interactions.jsm, line 201: NS_ERROR_FAILURE: Component returned failure code: 0x80004005 (NS_ERROR_FAILURE) [nsIUserIdleService.removeIdleObserver]
console.warn: TopSitesFeed: Failed to fetch data from Contile server: NetworkError when attempting to fetch resource.
JavaScript error: chrome://remote/content/marionette/cert.js, line 55: NS_ERROR_NOT_AVAILABLE: Component returned failure code: 0x80040111 (NS_ERROR_NOT_AVAILABLE) [nsICertOverrideService.setDisableAllSecurityChecksAndLetAttackersInterceptMyData]

###!!! [Parent][MessageChannel] Error: (msgtype=0x39007A,name=PContent::Msg_DestroyBrowsingContextGroup) Closed channel: cannot send/recv


###!!! [Child][RunMessage] Error: Channel closing: too late to send/recv, messages will be lost


###!!! [Child][MessageChannel] Error: (msgtype=0x390145,name=PContent::Msg_ScriptError) Channel closing: too late to send/recv, messages will be lost


###!!! [Child][MessageChannel] Error: (msgtype=0x390145,name=PContent::Msg_ScriptError) Channel closing: too late to send/recv, messages will be lost


###!!! [Child][RunMessage] Error: Channel closing: too late to send/recv, messages will be lost


###!!! [Child][MessageChannel] Error: (msgtype=0x390145,name=PContent::Msg_ScriptError) Channel closing: too late to send/recv, messages will be lost


###!!! [Child][MessageChannel] Error: (msgtype=0x390145,name=PContent::Msg_ScriptError) Channel closing: too late to send/recv, messages will be lost


###!!! [Child][RunMessage] Error: Channel closing: too late to send/recv, messages will be lost


###!!! [Child][MessageChannel] Error: (msgtype=0x390145,name=PContent::Msg_ScriptError) Channel closing: too late to send/recv, messages will be lost


###!!! [Child][RunMessage] Error: Channel closing: too late to send/recv, messages will be lost


###!!! [Child][MessageChannel] Error: (msgtype=0x390145,name=PContent::Msg_ScriptError) Channel closing: too late to send/recv, messages will be lost


###!!! [Child][MessageChannel] Error: (msgtype=0x23002F,name=PBrowser::Msg___delete__) Channel closing: too late to send/recv, messages will be lost

1633998108156	geckodriver	INFO	Listening on 127.0.0.1:60466
1633998111194	mozrunner::runner	INFO	Running command: "C:\\Program Files\\Mozilla Firefox\\firefox.exe" "--marionette" "-no-remote" "-profile" "C:\\Users\\FEDERICO\\AppData\\Local\\Temp\\rust_mozprofileJ9dLN4"
1633998111730	Marionette	INFO	Marionette enabled
console.warn: SearchSettings: "get: No settings file exists, new profile?" (new NotFoundError("Could not open the file at C:\\Users\\FEDERICO\\AppData\\Local\\Temp\\rust_mozprofileJ9dLN4\\search.json.mozlz4", (void 0)))
1633998115403	Marionette	INFO	Listening on port 60474
1633998115507	RemoteAgent	WARN	TLS certificate errors will be ignored for this session
JavaScript warning: https://meet.google.com/_/scs/mss-static/_/js/k=boq-rtc.MeetingsUi.es.ZY-wNq30fgk.2020.O/ck=boq-rtc.MeetingsUi.7eyXlSDaZoo.L.F4.O/am=ph4AOAQAGABQSwJdfzAAIQEEAwAA8IAGwj73_gAAAQA0MCA4A7D_F6gkACAA0BCAAAAA-AnIMCgBAAI/d=1/exm=LEikZe,_b,_tp,byfTOb,lsjVmc/excm=_b,_tp,calldesktoppageview/esmo=1/ed=1/wt=2/rs=AL5CKSGLWPfU62NGC6PJY-eW8hFPQtcVtg/m=n73qwf,ws9Tlc,IZT63,e5qFLc,GkRiKb,UUJqVe,O1Gjze,xUdipf,blwjVc,fKUV3e,aurFic,COQbmf,U0aPgd,ZwDk9d,V3dDOb,mI3LFb,XU5LFb,m9oV,hl,rrm,jKHFJb,WO9ee,T6U9J,lHoXXe,SFhYHb,qIJF2,rsr,sVRBvb,AePfdf,KiD3i,RqS4qe,t8N1l,ABMzYd,k2r0oe,nUMwj,FMq9Lb,O6y8ed,PrPYRd,MpJwZc,NwH0H,OmgaI,lazG7b,g9HNd,MsyKad,ma,tQz2Ve,XVMNvd,L1AAkb,KUM7Z,lfpdyf,Fl2dbf,fFdwef,Mh3sMc,GcAaod,rn9YO,Y0bgVb,s39S4,lwddkf,gychg,w9hDv,RMhBfe,tgTcU,lAg79c,TH1Apc,FJm4Gb,SdcwHb,aW3pY,PQaYAf,P1S3zf,DM8swd,pw70Gc,EFQ78c,Ulmmrd,ZfAoz,mdR7q,Ivl8bd,kbLDWb,MdUzUe,I6YDgd,N5Lqpc,fgj8Rb,xQtZb,lPKSwe,y4Nztd,gJzDyc,JNoxi,MI6k7c,kjKdXe,texUgd,xGC4Gb,llTWPd,yDVVkb,E7GzYd,QIhFr,FYCkde,hKSk3e,FSOnAf,wfcdnd,cilABe,qexExd,DNsE7e,jdrlZe,khenvb,swpmp,gtEOic,wiZ2v,QQnX0,oUdseb,WWLNXd,sPwFo,CJeEuc,tZtmyd,Tnlgmf,dWHZee,sszRX,DPQwOe,DDvSYd,NNJERe,KG2eXe,hc6Ubd,CvtcN,IVuTze,Lamzc,SpsfSb,Z7OaKe,cWjcJb,VwDzFe,LgZW9b,OdgxHf,zbML3c,zbU9W,alwr6,Ebsiqd,ixOrqc,dlck6b,kmkrAf,A7fCU,Uas9Hd,BVgquf,a9EW5e,JGjVRe,hIO81e,pjICDe, line 1797: WEBGL_debug_renderer_info is deprecated in Firefox and will be removed. Please use RENDERER.
JavaScript error: https://meet.google.com/_/scs/mss-static/_/js/k=boq-rtc.MeetingsUi.es.ZY-wNq30fgk.2020.O/ck=boq-rtc.MeetingsUi.7eyXlSDaZoo.L.F4.O/am=ph4AOAQAGABQSwJdfzAAIQEEAwAA8IAGwj73_gAAAQA0MCA4A7D_F6gkACAA0BCAAAAA-AnIMCgBAAI/d=1/exm=LEikZe,_b,_tp,byfTOb,lsjVmc/excm=_b,_tp,calldesktoppageview/esmo=1/ed=1/wt=2/rs=AL5CKSGLWPfU62NGC6PJY-eW8hFPQtcVtg/m=n73qwf,ws9Tlc,IZT63,e5qFLc,GkRiKb,UUJqVe,O1Gjze,xUdipf,blwjVc,fKUV3e,aurFic,COQbmf,U0aPgd,ZwDk9d,V3dDOb,mI3LFb,XU5LFb,m9oV,hl,rrm,jKHFJb,WO9ee,T6U9J,lHoXXe,SFhYHb,qIJF2,rsr,sVRBvb,AePfdf,KiD3i,RqS4qe,t8N1l,ABMzYd,k2r0oe,nUMwj,FMq9Lb,O6y8ed,PrPYRd,MpJwZc,NwH0H,OmgaI,lazG7b,g9HNd,MsyKad,ma,tQz2Ve,XVMNvd,L1AAkb,KUM7Z,lfpdyf,Fl2dbf,fFdwef,Mh3sMc,GcAaod,rn9YO,Y0bgVb,s39S4,lwddkf,gychg,w9hDv,RMhBfe,tgTcU,lAg79c,TH1Apc,FJm4Gb,SdcwHb,aW3pY,PQaYAf,P1S3zf,DM8swd,pw70Gc,EFQ78c,Ulmmrd,ZfAoz,mdR7q,Ivl8bd,kbLDWb,MdUzUe,I6YDgd,N5Lqpc,fgj8Rb,xQtZb,lPKSwe,y4Nztd,gJzDyc,JNoxi,MI6k7c,kjKdXe,texUgd,xGC4Gb,llTWPd,yDVVkb,E7GzYd,QIhFr,FYCkde,hKSk3e,FSOnAf,wfcdnd,cilABe,qexExd,DNsE7e,jdrlZe,khenvb,swpmp,gtEOic,wiZ2v,QQnX0,oUdseb,WWLNXd,sPwFo,CJeEuc,tZtmyd,Tnlgmf,dWHZee,sszRX,DPQwOe,DDvSYd,NNJERe,KG2eXe,hc6Ubd,CvtcN,IVuTze,Lamzc,SpsfSb,Z7OaKe,cWjcJb,VwDzFe,LgZW9b,OdgxHf,zbML3c,zbU9W,alwr6,Ebsiqd,ixOrqc,dlck6b,kmkrAf,A7fCU,Uas9Hd,BVgquf,a9EW5e,JGjVRe,hIO81e,pjICDe, line 5522: Error: DisconnectedError, EndCause = 72
JavaScript error: https://meet.google.com/_/scs/mss-static/_/js/k=boq-rtc.MeetingsUi.es.ZY-wNq30fgk.2020.O/ck=boq-rtc.MeetingsUi.7eyXlSDaZoo.L.F4.O/am=ph4AOAQAGABQSwJdfzAAIQEEAwAA8IAGwj73_gAAAQA0MCA4A7D_F6gkACAA0BCAAAAA-AnIMCgBAAI/d=1/exm=LEikZe,_b,_tp,byfTOb,lsjVmc/excm=_b,_tp,calldesktoppageview/esmo=1/ed=1/wt=2/rs=AL5CKSGLWPfU62NGC6PJY-eW8hFPQtcVtg/m=n73qwf,ws9Tlc,IZT63,e5qFLc,GkRiKb,UUJqVe,O1Gjze,xUdipf,blwjVc,fKUV3e,aurFic,COQbmf,U0aPgd,ZwDk9d,V3dDOb,mI3LFb,XU5LFb,m9oV,hl,rrm,jKHFJb,WO9ee,T6U9J,lHoXXe,SFhYHb,qIJF2,rsr,sVRBvb,AePfdf,KiD3i,RqS4qe,t8N1l,ABMzYd,k2r0oe,nUMwj,FMq9Lb,O6y8ed,PrPYRd,MpJwZc,NwH0H,OmgaI,lazG7b,g9HNd,MsyKad,ma,tQz2Ve,XVMNvd,L1AAkb,KUM7Z,lfpdyf,Fl2dbf,fFdwef,Mh3sMc,GcAaod,rn9YO,Y0bgVb,s39S4,lwddkf,gychg,w9hDv,RMhBfe,tgTcU,lAg79c,TH1Apc,FJm4Gb,SdcwHb,aW3pY,PQaYAf,P1S3zf,DM8swd,pw70Gc,EFQ78c,Ulmmrd,ZfAoz,mdR7q,Ivl8bd,kbLDWb,MdUzUe,I6YDgd,N5Lqpc,fgj8Rb,xQtZb,lPKSwe,y4Nztd,gJzDyc,JNoxi,MI6k7c,kjKdXe,texUgd,xGC4Gb,llTWPd,yDVVkb,E7GzYd,QIhFr,FYCkde,hKSk3e,FSOnAf,wfcdnd,cilABe,qexExd,DNsE7e,jdrlZe,khenvb,swpmp,gtEOic,wiZ2v,QQnX0,oUdseb,WWLNXd,sPwFo,CJeEuc,tZtmyd,Tnlgmf,dWHZee,sszRX,DPQwOe,DDvSYd,NNJERe,KG2eXe,hc6Ubd,CvtcN,IVuTze,Lamzc,SpsfSb,Z7OaKe,cWjcJb,VwDzFe,LgZW9b,OdgxHf,zbML3c,zbU9W,alwr6,Ebsiqd,ixOrqc,dlck6b,kmkrAf,A7fCU,Uas9Hd,BVgquf,a9EW5e,JGjVRe,hIO81e,pjICDe, line 5522: Error: DisconnectedError, EndCause = 72
JavaScript error: , line 0: uncaught exception: Object
JavaScript error: , line 0: uncaught exception: Object
JavaScript error: , line 0: uncaught exception: Object
JavaScript error: https://meet.google.com/_/scs/mss-static/_/js/k=boq-rtc.MeetingsUi.es.ZY-wNq30fgk.2020.O/ck=boq-rtc.MeetingsUi.7eyXlSDaZoo.L.F4.O/am=ph4AOAQAGABQSwJdfzAAIQEEAwAA8IAGwj73_gAAAQA0MCA4A7D_F6gkACAA0BCAAAAA-AnIMCgBAAI/d=1/exm=LEikZe,_b,_tp,byfTOb,lsjVmc/excm=_b,_tp,calldesktoppageview/esmo=1/ed=1/wt=2/rs=AL5CKSGLWPfU62NGC6PJY-eW8hFPQtcVtg/m=n73qwf,ws9Tlc,IZT63,e5qFLc,GkRiKb,UUJqVe,O1Gjze,xUdipf,blwjVc,fKUV3e,aurFic,COQbmf,U0aPgd,ZwDk9d,V3dDOb,mI3LFb,XU5LFb,m9oV,hl,rrm,jKHFJb,WO9ee,T6U9J,lHoXXe,SFhYHb,qIJF2,rsr,sVRBvb,AePfdf,KiD3i,RqS4qe,t8N1l,ABMzYd,k2r0oe,nUMwj,FMq9Lb,O6y8ed,PrPYRd,MpJwZc,NwH0H,OmgaI,lazG7b,g9HNd,MsyKad,ma,tQz2Ve,XVMNvd,L1AAkb,KUM7Z,lfpdyf,Fl2dbf,fFdwef,Mh3sMc,GcAaod,rn9YO,Y0bgVb,s39S4,lwddkf,gychg,w9hDv,RMhBfe,tgTcU,lAg79c,TH1Apc,FJm4Gb,SdcwHb,aW3pY,PQaYAf,P1S3zf,DM8swd,pw70Gc,EFQ78c,Ulmmrd,ZfAoz,mdR7q,Ivl8bd,kbLDWb,MdUzUe,I6YDgd,N5Lqpc,fgj8Rb,xQtZb,lPKSwe,y4Nztd,gJzDyc,JNoxi,MI6k7c,kjKdXe,texUgd,xGC4Gb,llTWPd,yDVVkb,E7GzYd,QIhFr,FYCkde,hKSk3e,FSOnAf,wfcdnd,cilABe,qexExd,DNsE7e,jdrlZe,khenvb,swpmp,gtEOic,wiZ2v,QQnX0,oUdseb,WWLNXd,sPwFo,CJeEuc,tZtmyd,Tnlgmf,dWHZee,sszRX,DPQwOe,DDvSYd,NNJERe,KG2eXe,hc6Ubd,CvtcN,IVuTze,Lamzc,SpsfSb,Z7OaKe,cWjcJb,VwDzFe,LgZW9b,OdgxHf,zbML3c,zbU9W,alwr6,Ebsiqd,ixOrqc,dlck6b,kmkrAf,A7fCU,Uas9Hd,BVgquf,a9EW5e,JGjVRe,hIO81e,pjICDe, line 5524: Error: startupCode: 200, error = {
  Ia = 403
  Ba = {
    alt-svc = "h3=":443"; ma=2592000,h3-29=":443"; ma=2592000,h3-T051=":443"; ma=2592000,h3-Q050=":443"; ma=2592000,h3-Q046=":443"; ma=2592000,h3-Q043=":443"; ma=2592000,quic=":443"; ma=2592000; v="46,43""
    cache-control = "private"
    content-encoding = "gzip"
    content-length = "59"
    content-type = "application/x-protobuf"
    date = "Tue, 12 Oct 2021 00:21:56 GMT"
    server = "ESF"
    vary = "Origin, X-Origin, Referer"
    x-content-type-options = "nosniff"
    x-firefox-http3 = "h3"
    x-frame-options = "SAMEORIGIN"
    x-xss-protection = "0"
    closure_uid_344998630 = 68
  }
  Ga = NULL
  Ca = {
    Wda = 39
    hca = undefined
    closure_uid_344998630 = 69
  }
  Aa = {
    Kb = -1
    Ba = {
      3 = {
        closure_uid_344998630 = 72
      }
      closure_uid_344998630 = 71
    }
    Wh = NULL
    Ma = {
      0 = 7
      1 = "The caller does not have permission"
      2 = {
        closure_uid_344998630 = 74
      }
      closure_uid_344998630 = 73
    }
    Gb = 1.7976931348623157e+308
    closure_uid_344998630 = 70
    Lc = "v3Bbmc"
  }
  cause = NULL
  stack = "@https://meet.google.com/_/scs/mss-static/_/js/k=boq-rtc.MeetingsUi.es.ZY-wNq30fgk.2020.O/ck=boq-rtc.MeetingsUi.7eyXlSDaZoo.L.F4.O/am=ph4AOAQAGABQSwJdfzAAIQEEAwAA8IAGwj73_gAAAQA0MCA4A7D_F6gkACAA0BCAAAAA-AnIMCgBAAI/d=1/exm=LEikZe,_b,_tp,byfTOb,lsjVmc/excm=_b,_tp,calldesktoppageview/esmo=1/ed=1/wt=2/rs=AL5CKSGLWPfU62NGC6PJY-eW8hFPQtcVtg/m=n73qwf,ws9Tlc,IZT63,e5qFLc,GkRiKb,UUJqVe,O1Gjze,xUdipf,blwjVc,fKUV3e,aurFic,COQbmf,U0aPgd,ZwDk9d,V3dDOb,mI3LFb,XU5LFb,m9oV,hl,rrm,jKHFJb,WO9ee,T6U9J,lHoXXe,SFhYHb,qIJF2,rsr,sVRBvb,AePfdf,KiD3i,RqS4qe,t8N1l,ABMzYd,k2r0oe,nUMwj,FMq9Lb,O6y8ed,PrPYRd,MpJwZc,NwH0H,OmgaI,lazG7b,g9HNd,MsyKad,ma,tQz2Ve,XVMNvd,L1AAkb,KUM7Z,lfpdyf,Fl2dbf,fFdwef,Mh3sMc,GcAaod,rn9YO,Y0bgVb,s39S4,lwddkf,gychg,w9hDv,RMhBfe,tgTcU,lAg79c,TH1Apc,FJm4Gb,SdcwHb,aW3pY,PQaYAf,P1S3zf,DM8swd,pw70Gc,EFQ78c,Ulmmrd,ZfAoz,mdR7q,Ivl8bd,kbLDWb,MdUzUe,I6YDgd,N5Lqpc,fgj8Rb,xQtZb,lPKSwe,y4Nztd,gJzDyc,JNoxi,MI6k7c,kjKdXe,texUgd,xGC4Gb,llTWPd,yDVVkb,E7GzYd,QIhFr,FYCkde,hKSk3e,FSOnAf,wfcdnd,cilABe,qexExd,DNsE7e,jdrlZe,khenvb,swpmp,gtEOic,wiZ2v,QQnX0,oUdseb,WWLNXd,sPwFo,CJeEuc,tZtmyd,Tnlgmf,dWHZee,sszRX,DPQwOe,DDvSYd,NNJERe,KG2eXe,hc6Ubd,CvtcN,IVuTze,Lamzc,SpsfSb,Z7OaKe,cWjcJb,VwDzFe,LgZW9b,OdgxHf,zbML3c,zbU9W,alwr6,Ebsiqd,ixOrqc,dlck6b,kmkrAf,A7fCU,Uas9Hd,BVgquf,a9EW5e,JGjVRe,hIO81e,pjICDe:2919:171
  yUc/<@https://meet.google.com/_/scs/mss-static/_/js/k=boq-rtc.MeetingsUi.es.ZY-wNq30fgk.2020.O/ck=boq-rtc.MeetingsUi.7eyXlSDaZoo.L.F4.O/am=ph4AOAQAGABQSwJdfzAAIQEEAwAA8IAGwj73_gAAAQA0MCA4A7D_F6gkACAA0BCAAAAA-AnIMCgBAAI/d=1/exm=LEikZe,_b,_tp,byfTOb,lsjVmc/excm=_b,_tp,calldesktoppageview/esmo=1/ed=1/wt=2/rs=AL5CKSGLWPfU62NGC6PJY-eW8hFPQtcVtg/m=n73qwf,ws9Tlc,IZT63,e5qFLc,GkRiKb,UUJqVe,O1Gjze,xUdipf,blwjVc,fKUV3e,aurFic,COQbmf,U0aPgd,ZwDk9d,V3dDOb,mI3LFb,XU5LFb,m9oV,hl,rrm,jKHFJb,WO9ee,T6U9J,lHoXXe,SFhYHb,qIJF2,rsr,sVRBvb,AePfdf,KiD3i,RqS4qe,t8N1l,ABMzYd,k2r0oe,nUMwj,FMq9Lb,O6y8ed,PrPYRd,MpJwZc,NwH0H,OmgaI,lazG7b,g9HNd,MsyKad,ma,tQz2Ve,XVMNvd,L1AAkb,KUM7Z,lfpdyf,Fl2dbf,fFdwef,Mh3sMc,GcAaod,rn9YO,Y0bgVb,s39S4,lwddkf,gychg,w9hDv,RMhBfe,tgTcU,lAg79c,TH1Apc,FJm4Gb,SdcwHb,aW3pY,PQaYAf,P1S3zf,DM8swd,pw70Gc,EFQ78c,Ulmmrd,ZfAoz,mdR7q,Ivl8bd,kbLDWb,MdUzUe,I6YDgd,N5Lqpc,fgj8Rb,xQtZb,lPKSwe,y4Nztd,gJzDyc,JNoxi,MI6k7c,kjKdXe,texUgd,xGC4Gb,llTWPd,yDVVkb,E7GzYd,QIhFr,FYCkde,hKSk3e,FSOnAf,wfcdnd,cilABe,qexExd,DNsE7e,jdrlZe,khenvb,swpmp,gtEOic,wiZ2v,QQnX0,oUdseb,WWLNXd,sPwFo,CJeEuc,tZtmyd,Tnlgmf,dWHZee,sszRX,DPQwOe,DDvSYd,NNJERe,KG2eXe,hc6Ubd,CvtcN,IVuTze,Lamzc,SpsfSb,Z7OaKe,cWjcJb,VwDzFe,LgZW9b,OdgxHf,zbML3c,zbU9W,alwr6,Ebsiqd,ixOrqc,dlck6b,kmkrAf,A7fCU,Uas9Hd,BVgquf,a9EW5e,JGjVRe,hIO81e,pjICDe:2939:367
  
  makeRequest@https://meet.google.com/_/scs/mss-static/_/js/k=boq-rtc.MeetingsUi.es.ZY-wNq30fgk.2020.O/ck=boq-rtc.MeetingsUi.7eyXlSDaZoo.L.F4.O/am=ph4AOAQAGABQSwJdfzAAIQEEAwAA8IAGwj73_gAAAQA0MCA4A7D_F6gkACAA0BCAAAAA-AnIMCgBAAI/d=1/exm=LEikZe,_b,_tp,byfTOb,lsjVmc/excm=_b,_tp,calldesktoppageview/esmo=1/ed=1/wt=2/rs=AL5CKSGLWPfU62NGC6PJY-eW8hFPQtcVtg/m=n73qwf,ws9Tlc,IZT63,e5qFLc,GkRiKb,UUJqVe,O1Gjze,xUdipf,blwjVc,fKUV3e,aurFic,COQbmf,U0aPgd,ZwDk9d,V3dDOb,mI3LFb,XU5LFb,m9oV,hl,rrm,jKHFJb,WO9ee,T6U9J,lHoXXe,SFhYHb,qIJF2,rsr,sVRBvb,AePfdf,KiD3i,RqS4qe,t8N1l,ABMzYd,k2r0oe,nUMwj,FMq9Lb,O6y8ed,PrPYRd,MpJwZc,NwH0H,OmgaI,lazG7b,g9HNd,MsyKad,ma,tQz2Ve,XVMNvd,L1AAkb,KUM7Z,lfpdyf,Fl2dbf,fFdwef,Mh3sMc,GcAaod,rn9YO,Y0bgVb,s39S4,lwddkf,gychg,w9hDv,RMhBfe,tgTcU,lAg79c,TH1Apc,FJm4Gb,SdcwHb,aW3pY,PQaYAf,P1S3zf,DM8swd,pw70Gc,EFQ78c,Ulmmrd,ZfAoz,mdR7q,Ivl8bd,kbLDWb,MdUzUe,I6YDgd,N5Lqpc,fgj8Rb,xQtZb,lPKSwe,y4Nztd,gJzDyc,JNoxi,MI6k7c,kjKdXe,texUgd,xGC4Gb,llTWPd,yDVVkb,E7GzYd,QIhFr,FYCkde,hKSk3e,FSOnAf,wfcdnd,cilABe,qexExd,DNsE7e,jdrlZe,khenvb,swpmp,gtEOic,wiZ2v,QQnX0,oUdseb,WWLNXd,sPwFo,CJeEuc,tZtmyd,Tnlgmf,dWHZee,sszRX,DPQwOe,DDvSYd,NNJERe,KG2eXe,hc6Ubd,CvtcN,IVuTze,Lamzc,SpsfSb,Z7OaKe,cWjcJb,VwDzFe,LgZW9b,OdgxHf,zbML3c,zbU9W,alwr6,Ebsiqd,ixOrqc,dlck6b,kmkrAf,A7fCU,Uas9Hd,BVgquf,a9EW5e,JGjVRe,hIO81e,pjICDe:2957:140
  _.OYc@https://meet.google.com/_/scs/mss-static/_/js/k=boq-rtc.MeetingsUi.es.ZY-wNq30fgk.2020.O/ck=boq-rtc.MeetingsUi.7eyXlSDaZoo.L.F4.O/am=ph4AOAQAGABQSwJdfzAAIQEEAwAA8IAGwj73_gAAAQA0MCA4A7D_F6gkACAA0BCAAAAA-AnIMCgBAAI/d=1/exm=LEikZe,_b,_tp,byfTOb,lsjVmc/excm=_b,_tp,calldesktoppageview/esmo=1/ed=1/wt=2/rs=AL5CKSGLWPfU62NGC6PJY-eW8hFPQtcVtg/m=n73qwf,ws9Tlc,IZT63,e5qFLc,GkRiKb,UUJqVe,O1Gjze,xUdipf,blwjVc,fKUV3e,aurFic,COQbmf,U0aPgd,ZwDk9d,V3dDOb,mI3LFb,XU5LFb,m9oV,hl,rrm,jKHFJb,WO9ee,T6U9J,lHoXXe,SFhYHb,qIJF2,rsr,sVRBvb,AePfdf,KiD3i,RqS4qe,t8N1l,ABMzYd,k2r0oe,nUMwj,FMq9Lb,O6y8ed,PrPYRd,MpJwZc,NwH0H,OmgaI,lazG7b,g9HNd,MsyKad,ma,tQz2Ve,XVMNvd,L1AAkb,KUM7Z,lfpdyf,Fl2dbf,fFdwef,Mh3sMc,GcAaod,rn9YO,Y0bgVb,s39S4,lwddkf,gychg,w9hDv,RMhBfe,tgTcU,lAg79c,TH1Apc,FJm4Gb,SdcwHb,aW3pY,PQaYAf,P1S3zf,DM8swd,pw70Gc,EFQ78c,Ulmmrd,ZfAoz,mdR7q,Ivl8bd,kbLDWb,MdUzUe,I6YDgd,N5Lqpc,fgj8Rb,xQtZb,lPKSwe,y4Nztd,gJzDyc,JNoxi,MI6k7c,kjKdXe,texUgd,xGC4Gb,llTWPd,yDVVkb,E7GzYd,QIhFr,FYCkde,hKSk3e,FSOnAf,wfcdnd,cilABe,qexExd,DNsE7e,jdrlZe,khenvb,swpmp,gtEOic,wiZ2v,QQnX0,oUdseb,WWLNXd,sPwFo,CJeEuc,tZtmyd,Tnlgmf,dWHZee,sszRX,DPQwOe,DDvSYd,NNJERe,KG2eXe,hc6Ubd,CvtcN,IVuTze,Lamzc,SpsfSb,Z7OaKe,cWjcJb,VwDzFe,LgZW9b,OdgxHf,zbML3c,zbU9W,alwr6,Ebsiqd,ixOrqc,dlck6b,kmkrAf,A7fCU,Uas9Hd,BVgquf,a9EW5e,JGjVRe,hIO81e,pjICDe:3473:327
  _.VYc@https://meet.google.com/_/scs/mss-static/_/js/k=boq-rtc.MeetingsUi.es.ZY-wNq30fgk.2020.O/ck=boq-rtc.MeetingsUi.7eyXlSDaZoo.L.F4.O/am=ph4AOAQAGABQSwJdfzAAIQEEAwAA8IAGwj73_gAAAQA0MCA4A7D_F6gkACAA0BCAAAAA-AnIMCgBAAI/d=1/exm=LEikZe,_b,_tp,byfTOb,lsjVmc/excm=_b,_tp,calldesktoppageview/esmo=1/ed=1/wt=2/rs=AL5CKSGLWPfU62NGC6PJY-eW8hFPQtcVtg/m=n73qwf,ws9Tlc,IZT63,e5qFLc,GkRiKb,UUJqVe,O1Gjze,xUdipf,blwjVc,fKUV3e,aurFic,COQbmf,U0aPgd,ZwDk9d,V3dDOb,mI3LFb,XU5LFb,m9oV,hl,rrm,jKHFJb,WO9ee,T6U9J,lHoXXe,SFhYHb,qIJF2,rsr,sVRBvb,AePfdf,KiD3i,RqS4qe,t8N1l,ABMzYd,k2r0oe,nUMwj,FMq9Lb,O6y8ed,PrPYRd,MpJwZc,NwH0H,OmgaI,lazG7b,g9HNd,MsyKad,ma,tQz2Ve,XVMNvd,L1AAkb,KUM7Z,lfpdyf,Fl2dbf,fFdwef,Mh3sMc,GcAaod,rn9YO,Y0bgVb,s39S4,lwddkf,gychg,w9hDv,RMhBfe,tgTcU,lAg79c,TH1Apc,FJm4Gb,SdcwHb,aW3pY,PQaYAf,P1S3zf,DM8swd,pw70Gc,EFQ78c,Ulmmrd,ZfAoz,mdR7q,Ivl8bd,kbLDWb,MdUzUe,I6YDgd,N5Lqpc,fgj8Rb,xQtZb,lPKSwe,y4Nztd,gJzDyc,JNoxi,MI6k7c,kjKdXe,texUgd,xGC4Gb,llTWPd,yDVVkb,E7GzYd,QIhFr,FYCkde,hKSk3e,FSOnAf,wfcdnd,cilABe,qexExd,DNsE7e,jdrlZe,khenvb,swpmp,gtEOic,wiZ2v,QQnX0,oUdseb,WWLNXd,sPwFo,CJeEuc,tZtmyd,Tnlgmf,dWHZee,sszRX,DPQwOe,DDvSYd,NNJERe,KG2eXe,hc6Ubd,CvtcN,IVuTze,Lamzc,SpsfSb,Z7OaKe,cWjcJb,VwDzFe,LgZW9b,OdgxHf,zbML3c,zbU9W,alwr6,Ebsiqd,ixOrqc,dlck6b,kmkrAf,A7fCU,Uas9Hd,BVgquf,a9EW5e,JGjVRe,hIO81e,pjICDe:3478:363
  apa@https://meet.google.com/_/scs/mss-static/_/js/k=boq-rtc.MeetingsUi.es.ZY-wNq30fgk.2020.O/ck=boq-rtc.MeetingsUi.7eyXlSDaZoo.L.F4.O/am=ph4AOAQAGABQSwJdfzAAIQEEAwAA8IAGwj73_gAAAQA0MCA4A7D_F6gkACAA0BCAAAAA-AnIMCgBAAI/d=1/exm=LEikZe,_b,_tp,byfTOb,lsjVmc/excm=_b,_tp,calldesktoppageview/esmo=1/ed=1/wt=2/rs=AL5CKSGLWPfU62NGC6PJY-eW8hFPQtcVtg/m=n73qwf,ws9Tlc,IZT63,e5qFLc,GkRiKb,UUJqVe,O1Gjze,xUdipf,blwjVc,fKUV3e,aurFic,COQbmf,U0aPgd,ZwDk9d,V3dDOb,mI3LFb,XU5LFb,m9oV,hl,rrm,jKHFJb,WO9ee,T6U9J,lHoXXe,SFhYHb,qIJF2,rsr,sVRBvb,AePfdf,KiD3i,RqS4qe,t8N1l,ABMzYd,k2r0oe,nUMwj,FMq9Lb,O6y8ed,PrPYRd,MpJwZc,NwH0H,OmgaI,lazG7b,g9HNd,MsyKad,ma,tQz2Ve,XVMNvd,L1AAkb,KUM7Z,lfpdyf,Fl2dbf,fFdwef,Mh3sMc,GcAaod,rn9YO,Y0bgVb,s39S4,lwddkf,gychg,w9hDv,RMhBfe,tgTcU,lAg79c,TH1Apc,FJm4Gb,SdcwHb,aW3pY,PQaYAf,P1S3zf,DM8swd,pw70Gc,EFQ78c,Ulmmrd,ZfAoz,mdR7q,Ivl8bd,kbLDWb,MdUzUe,I6YDgd,N5Lqpc,fgj8Rb,xQtZb,lPKSwe,y4Nztd,gJzDyc,JNoxi,MI6k7c,kjKdXe,texUgd,xGC4Gb,llTWPd,yDVVkb,E7GzYd,QIhFr,FYCkde,hKSk3e,FSOnAf,wfcdnd,cilABe,qexExd,DNsE7e,jdrlZe,khenvb,swpmp,gtEOic,wiZ2v,QQnX0,oUdseb,WWLNXd,sPwFo,CJeEuc,tZtmyd,Tnlgmf,dWHZee,sszRX,DPQwOe,DDvSYd,NNJERe,KG2eXe,hc6Ubd,CvtcN,IVuTze,Lamzc,SpsfSb,Z7OaKe,cWjcJb,VwDzFe,LgZW9b,OdgxHf,zbML3c,zbU9W,alwr6,Ebsiqd,ixOrqc,dlck6b,kmkrAf,A7fCU,Uas9Hd,BVgquf,a9EW5e,JGjVRe,hIO81e,pjICDe:3479:164
  apa@https://meet.google.com/_/scs/mss-static/_/js/k=boq-rtc.MeetingsUi.es.ZY-wNq30fgk.2020.O/ck=boq-rtc.MeetingsUi.7eyXlSDaZoo.L.F4.O/am=ph4AOAQAGABQSwJdfzAAIQEEAwAA8IAGwj73_gAAAQA0MCA4A7D_F6gkACAA0BCAAAAA-AnIMCgBAAI/d=1/exm=LEikZe,_b,_tp,byfTOb,lsjVmc/excm=_b,_tp,calldesktoppageview/esmo=1/ed=1/wt=2/rs=AL5CKSGLWPfU62NGC6PJY-eW8hFPQtcVtg/m=n73qwf,ws9Tlc,IZT63,e5qFLc,GkRiKb,UUJqVe,O1Gjze,xUdipf,blwjVc,fKUV3e,aurFic,COQbmf,U0aPgd,ZwDk9d,V3dDOb,mI3LFb,XU5LFb,m9oV,hl,rrm,jKHFJb,WO9ee,T6U9J,lHoXXe,SFhYHb,qIJF2,rsr,sVRBvb,AePfdf,KiD3i,RqS4qe,t8N1l,ABMzYd,k2r0oe,nUMwj,FMq9Lb,O6y8ed,PrPYRd,MpJwZc,NwH0H,OmgaI,lazG7b,g9HNd,MsyKad,ma,tQz2Ve,XVMNvd,L1AAkb,KUM7Z,lfpdyf,Fl2dbf,fFdwef,Mh3sMc,GcAaod,rn9YO,Y0bgVb,s39S4,lwddkf,gychg,w9hDv,RMhBfe,tgTcU,lAg79c,TH1Apc,FJm4Gb,SdcwHb,aW3pY,PQaYAf,P1S3zf,DM8swd,pw70Gc,EFQ78c,Ulmmrd,ZfAoz,mdR7q,Ivl8bd,kbLDWb,MdUzUe,I6YDgd,N5Lqpc,fgj8Rb,xQtZb,lPKSwe,y4Nztd,gJzDyc,JNoxi,MI6k7c,kjKdXe,texUgd,xGC4Gb,llTWPd,yDVVkb,E7GzYd,QIhFr,FYCkde,hKSk3e,FSOnAf,wfcdnd,cilABe,qexExd,DNsE7e,jdrlZe,khenvb,swpmp,gtEOic,wiZ2v,QQnX0,oUdseb,WWLNXd,sPwFo,CJeEuc,tZtmyd,Tnlgmf,dWHZee,sszRX,DPQwOe,DDvSYd,NNJERe,KG2eXe,hc6Ubd,CvtcN,IVuTze,Lamzc,SpsfSb,Z7OaKe,cWjcJb,VwDzFe,LgZW9b,OdgxHf,zbML3c,zbU9W,alwr6,Ebsiqd,ixOrqc,dlck6b,kmkrAf,A7fCU,Uas9Hd,BVgquf,a9EW5e,JGjVRe,hIO81e,pjICDe:3755:264
  $qe@https://meet.google.com/_/scs/mss-static/_/js/k=boq-rtc.MeetingsUi.es.ZY-wNq30fgk.2020.O/ck=boq-rtc.MeetingsUi.7eyXlSDaZoo.L.F4.O/am=ph4AOAQAGABQSwJdfzAAIQEEAwAA8IAGwj73_gAAAQA0MCA4A7D_F6gkACAA0BCAAAAA-AnIMCgBAAI/d=1/exm=LEikZe,_b,_tp,byfTOb,lsjVmc/excm=_b,_tp,calldesktoppageview/esmo=1/ed=1/wt=2/rs=AL5CKSGLWPfU62NGC6PJY-eW8hFPQtcVtg/m=n73qwf,ws9Tlc,IZT63,e5qFLc,GkRiKb,UUJqVe,O1Gjze,xUdipf,blwjVc,fKUV3e,aurFic,COQbmf,U0aPgd,ZwDk9d,V3dDOb,mI3LFb,XU5LFb,m9oV,hl,rrm,jKHFJb,WO9ee,T6U9J,lHoXXe,SFhYHb,qIJF2,rsr,sVRBvb,AePfdf,KiD3i,RqS4qe,t8N1l,ABMzYd,k2r0oe,nUMwj,FMq9Lb,O6y8ed,PrPYRd,MpJwZc,NwH0H,OmgaI,lazG7b,g9HNd,MsyKad,ma,tQz2Ve,XVMNvd,L1AAkb,KUM7Z,lfpdyf,Fl2dbf,fFdwef,Mh3sMc,GcAaod,rn9YO,Y0bgVb,s39S4,lwddkf,gychg,w9hDv,RMhBfe,tgTcU,lAg79c,TH1Apc,FJm4Gb,SdcwHb,aW3pY,PQaYAf,P1S3zf,DM8swd,pw70Gc,EFQ78c,Ulmmrd,ZfAoz,mdR7q,Ivl8bd,kbLDWb,MdUzUe,I6YDgd,N5Lqpc,fgj8Rb,xQtZb,lPKSwe,y4Nztd,gJzDyc,JNoxi,MI6k7c,kjKdXe,texUgd,xGC4Gb,llTWPd,yDVVkb,E7GzYd,QIhFr,FYCkde,hKSk3e,FSOnAf,wfcdnd,cilABe,qexExd,DNsE7e,jdrlZe,khenvb,swpmp,gtEOic,wiZ2v,QQnX0,oUdseb,WWLNXd,sPwFo,CJeEuc,tZtmyd,Tnlgmf,dWHZee,sszRX,DPQwOe,DDvSYd,NNJERe,KG2eXe,hc6Ubd,CvtcN,IVuTze,Lamzc,SpsfSb,Z7OaKe,cWjcJb,VwDzFe,LgZW9b,OdgxHf,zbML3c,zbU9W,alwr6,Ebsiqd,ixOrqc,dlck6b,kmkrAf,A7fCU,Uas9Hd,BVgquf,a9EW5e,JGjVRe,hIO81e,pjICDe:5761:141
  bre@https://meet.google.com/_/scs/mss-static/_/js/k=boq-rtc.MeetingsUi.es.ZY-wNq30fgk.2020.O/ck=boq-rtc.MeetingsUi.7eyXlSDaZoo.L.F4.O/am=ph4AOAQAGABQSwJdfzAAIQEEAwAA8IAGwj73_gAAAQA0MCA4A7D_F6gkACAA0BCAAAAA-AnIMCgBAAI/d=1/exm=LEikZe,_b,_tp,byfTOb,lsjVmc/excm=_b,_tp,calldesktoppageview/esmo=1/ed=1/wt=2/rs=AL5CKSGLWPfU62NGC6PJY-eW8hFPQtcVtg/m=n73qwf,ws9Tlc,IZT63,e5qFLc,GkRiKb,UUJqVe,O1Gjze,xUdipf,blwjVc,fKUV3e,aurFic,COQbmf,U0aPgd,ZwDk9d,V3dDOb,mI3LFb,XU5LFb,m9oV,hl,rrm,jKHFJb,WO9ee,T6U9J,lHoXXe,SFhYHb,qIJF2,rsr,sVRBvb,AePfdf,KiD3i,RqS4qe,t8N1l,ABMzYd,k2r0oe,nUMwj,FMq9Lb,O6y8ed,PrPYRd,MpJwZc,NwH0H,OmgaI,lazG7b,g9HNd,MsyKad,ma,tQz2Ve,XVMNvd,L1AAkb,KUM7Z,lfpdyf,Fl2dbf,fFdwef,Mh3sMc,GcAaod,rn9YO,Y0bgVb,s39S4,lwddkf,gychg,w9hDv,RMhBfe,tgTcU,lAg79c,TH1Apc,FJm4Gb,SdcwHb,aW3pY,PQaYAf,P1S3zf,DM8swd,pw70Gc,EFQ78c,Ulmmrd,ZfAoz,mdR7q,Ivl8bd,kbLDWb,MdUzUe,I6YDgd,N5Lqpc,fgj8Rb,xQtZb,lPKSwe,y4Nztd,gJzDyc,JNoxi,MI6k7c,kjKdXe,texUgd,xGC4Gb,llTWPd,yDVVkb,E7GzYd,QIhFr,FYCkde,hKSk3e,FSOnAf,wfcdnd,cilABe,qexExd,DNsE7e,jdrlZe,khenvb,swpmp,gtEOic,wiZ2v,QQnX0,oUdseb,WWLNXd,sPwFo,CJeEuc,tZtmyd,Tnlgmf,dWHZee,sszRX,DPQwOe,DDvSYd,NNJERe,KG2eXe,hc6Ubd,CvtcN,IVuTze,Lamzc,SpsfSb,Z7OaKe,cWjcJb,VwDzFe,LgZW9b,OdgxHf,zbML3c,zbU9W,alwr6,Ebsiqd,ixOrqc,dlck6b,kmkrAf,A7fCU,Uas9Hd,BVgquf,a9EW5e,JGjVRe,hIO81e,pjICDe:5756:63
  @https://meet.google.com/_/scs/mss-static/_/js/k=boq-rtc.MeetingsUi.es.ZY-wNq30fgk.2020.O/ck=boq-rtc.MeetingsUi.7eyXlSDaZoo.L.F4.O/am=ph4AOAQAGABQSwJdfzAAIQEEAwAA8IAGwj73_gAAAQA0MCA4A7D_F6gkACAA0BCAAAAA-AnIMCgBAAI/d=1/exm=LEikZe,_b,_tp,byfTOb,lsjVmc/excm=_b,_tp,calldesktoppageview/esmo=1/ed=1/wt=2/rs=AL5CKSGLWPfU62NGC6PJY-eW8hFPQtcVtg/m=n73qwf,ws9Tlc,IZT63,e5qFLc,GkRiKb,UUJqVe,O1Gjze,xUdipf,blwjVc,fKUV3e,aurFic,COQbmf,U0aPgd,ZwDk9d,V3dDOb,mI3LFb,XU5LFb,m9oV,hl,rrm,jKHFJb,WO9ee,T6U9J,lHoXXe,SFhYHb,qIJF2,rsr,sVRBvb,AePfdf,KiD3i,RqS4qe,t8N1l,ABMzYd,k2r0oe,nUMwj,FMq9Lb,O6y8ed,PrPYRd,MpJwZc,NwH0H,OmgaI,lazG7b,g9HNd,MsyKad,ma,tQz2Ve,XVMNvd,L1AAkb,KUM7Z,lfpdyf,Fl2dbf,fFdwef,Mh3sMc,GcAaod,rn9YO,Y0bgVb,s39S4,lwddkf,gychg,w9hDv,RMhBfe,tgTcU,lAg79c,TH1Apc,FJm4Gb,SdcwHb,aW3pY,PQaYAf,P1S3zf,DM8swd,pw70Gc,EFQ78c,Ulmmrd,ZfAoz,mdR7q,Ivl8bd,kbLDWb,MdUzUe,I6YDgd,N5Lqpc,fgj8Rb,xQtZb,lPKSwe,y4Nztd,gJzDyc,JNoxi,MI6k7c,kjKdXe,texUgd,xGC4Gb,llTWPd,yDVVkb,E7GzYd,QIhFr,FYCkde,hKSk3e,FSOnAf,wfcdnd,cilABe,qexExd,DNsE7e,jdrlZe,khenvb,swpmp,gtEOic,wiZ2v,QQnX0,oUdseb,WWLNXd,sPwFo,CJeEuc,tZtmyd,Tnlgmf,dWHZee,sszRX,DPQwOe,DDvSYd,NNJERe,KG2eXe,hc6Ubd,CvtcN,IVuTze,Lamzc,SpsfSb,Z7OaKe,cWjcJb,VwDzFe,LgZW9b,OdgxHf,zbML3c,zbU9W,alwr6,Ebsiqd,ixOrqc,dlck6b,kmkrAf,A7fCU,Uas9Hd,BVgquf,a9EW5e,JGjVRe,hIO81e,pjICDe:5774:363
  yga/e.oa</e.Ba<@https://meet.google.com/_/scs/mss-static/_/js/k=boq-rtc.MeetingsUi.es.ZY-wNq30fgk.2020.O/am=ph4AOAQAGABQSwJdfzAAIQEEAwAA8IAGwj73_gAAAQA0MCA4A7D_F6gkACAA0BCAAAAA-AnIMCgBAAI/d=1/excm=_b,_tp,calldesktoppageview/ed=1/dg=0/wt=2/esmo=1/rs=AL5CKSGLxUVVC3wyRGT3yVER-risS9eb7g/m=_b,_tp:177:470
  Gga@https://meet.google.com/_/scs/mss-static/_/js/k=boq-rtc.MeetingsUi.es.ZY-wNq30fgk.2020.O/am=ph4AOAQAGABQSwJdfzAAIQEEAwAA8IAGwj73_gAAAQA0MCA4A7D_F6gkACAA0BCAAAAA-AnIMCgBAAI/d=1/excm=_b,_tp,calldesktoppageview/ed=1/dg=0/wt=2/esmo=1/rs=AL5CKSGLxUVVC3wyRGT3yVER-risS9eb7g/m=_b,_tp:180:336
  Cga@https://meet.google.com/_/scs/mss-static/_/js/k=boq-rtc.MeetingsUi.es.ZY-wNq30fgk.2020.O/am=ph4AOAQAGABQSwJdfzAAIQEEAwAA8IAGwj73_gAAAQA0MCA4A7D_F6gkACAA0BCAAAAA-AnIMCgBAAI/d=1/excm=_b,_tp,calldesktoppageview/ed=1/dg=0/wt=2/esmo=1/rs=AL5CKSGLxUVVC3wyRGT3yVER-risS9eb7g/m=_b,_tp:180:211
  _.Lg.prototype.wva@https://meet.google.com/_/scs/mss-static/_/js/k=boq-rtc.MeetingsUi.es.ZY-wNq30fgk.2020.O/am=ph4AOAQAGABQSwJdfzAAIQEEAwAA8IAGwj73_gAAAQA0MCA4A7D_F6gkACAA0BCAAAAA-AnIMCgBAAI/d=1/excm=_b,_tp,calldesktoppageview/ed=1/dg=0/wt=2/esmo=1/rs=AL5CKSGLxUVVC3wyRGT3yVER-risS9eb7g/m=_b,_tp:180:79
  pga@https://meet.google.com/_/scs/mss-static/_/js/k=boq-rtc.MeetingsUi.es.ZY-wNq30fgk.2020.O/am=ph4AOAQAGABQSwJdfzAAIQEEAwAA8IAGwj73_gAAAQA0MCA4A7D_F6gkACAA0BCAAAAA-AnIMCgBAAI/d=1/excm=_b,_tp,calldesktoppageview/ed=1/dg=0/wt=2/esmo=1/rs=AL5CKSGLxUVVC3wyRGT3yVER-risS9eb7g/m=_b,_tp:171:308
  "
  closure_uid_344998630 = 67
}
JavaScript error: https://meet.google.com/_/scs/mss-static/_/js/k=boq-rtc.MeetingsUi.es.ZY-wNq30fgk.2020.O/ck=boq-rtc.MeetingsUi.7eyXlSDaZoo.L.F4.O/am=ph4AOAQAGABQSwJdfzAAIQEEAwAA8IAGwj73_gAAAQA0MCA4A7D_F6gkACAA0BCAAAAA-AnIMCgBAAI/d=1/exm=LEikZe,_b,_tp,byfTOb,lsjVmc/excm=_b,_tp,calldesktoppageview/esmo=1/ed=1/wt=2/rs=AL5CKSGLWPfU62NGC6PJY-eW8hFPQtcVtg/m=n73qwf,ws9Tlc,IZT63,e5qFLc,GkRiKb,UUJqVe,O1Gjze,xUdipf,blwjVc,fKUV3e,aurFic,COQbmf,U0aPgd,ZwDk9d,V3dDOb,mI3LFb,XU5LFb,m9oV,hl,rrm,jKHFJb,WO9ee,T6U9J,lHoXXe,SFhYHb,qIJF2,rsr,sVRBvb,AePfdf,KiD3i,RqS4qe,t8N1l,ABMzYd,k2r0oe,nUMwj,FMq9Lb,O6y8ed,PrPYRd,MpJwZc,NwH0H,OmgaI,lazG7b,g9HNd,MsyKad,ma,tQz2Ve,XVMNvd,L1AAkb,KUM7Z,lfpdyf,Fl2dbf,fFdwef,Mh3sMc,GcAaod,rn9YO,Y0bgVb,s39S4,lwddkf,gychg,w9hDv,RMhBfe,tgTcU,lAg79c,TH1Apc,FJm4Gb,SdcwHb,aW3pY,PQaYAf,P1S3zf,DM8swd,pw70Gc,EFQ78c,Ulmmrd,ZfAoz,mdR7q,Ivl8bd,kbLDWb,MdUzUe,I6YDgd,N5Lqpc,fgj8Rb,xQtZb,lPKSwe,y4Nztd,gJzDyc,JNoxi,MI6k7c,kjKdXe,texUgd,xGC4Gb,llTWPd,yDVVkb,E7GzYd,QIhFr,FYCkde,hKSk3e,FSOnAf,wfcdnd,cilABe,qexExd,DNsE7e,jdrlZe,khenvb,swpmp,gtEOic,wiZ2v,QQnX0,oUdseb,WWLNXd,sPwFo,CJeEuc,tZtmyd,Tnlgmf,dWHZee,sszRX,DPQwOe,DDvSYd,NNJERe,KG2eXe,hc6Ubd,CvtcN,IVuTze,Lamzc,SpsfSb,Z7OaKe,cWjcJb,VwDzFe,LgZW9b,OdgxHf,zbML3c,zbU9W,alwr6,Ebsiqd,ixOrqc,dlck6b,kmkrAf,A7fCU,Uas9Hd,BVgquf,a9EW5e,JGjVRe,hIO81e,pjICDe, line 5522: Error: DisconnectedError, EndCause = 72
JavaScript error: https://meet.google.com/_/scs/mss-static/_/js/k=boq-rtc.MeetingsUi.es.ZY-wNq30fgk.2020.O/ck=boq-rtc.MeetingsUi.7eyXlSDaZoo.L.F4.O/am=ph4AOAQAGABQSwJdfzAAIQEEAwAA8IAGwj73_gAAAQA0MCA4A7D_F6gkACAA0BCAAAAA-AnIMCgBAAI/d=1/exm=LEikZe,_b,_tp,byfTOb,lsjVmc/excm=_b,_tp,calldesktoppageview/esmo=1/ed=1/wt=2/rs=AL5CKSGLWPfU62NGC6PJY-eW8hFPQtcVtg/m=n73qwf,ws9Tlc,IZT63,e5qFLc,GkRiKb,UUJqVe,O1Gjze,xUdipf,blwjVc,fKUV3e,aurFic,COQbmf,U0aPgd,ZwDk9d,V3dDOb,mI3LFb,XU5LFb,m9oV,hl,rrm,jKHFJb,WO9ee,T6U9J,lHoXXe,SFhYHb,qIJF2,rsr,sVRBvb,AePfdf,KiD3i,RqS4qe,t8N1l,ABMzYd,k2r0oe,nUMwj,FMq9Lb,O6y8ed,PrPYRd,MpJwZc,NwH0H,OmgaI,lazG7b,g9HNd,MsyKad,ma,tQz2Ve,XVMNvd,L1AAkb,KUM7Z,lfpdyf,Fl2dbf,fFdwef,Mh3sMc,GcAaod,rn9YO,Y0bgVb,s39S4,lwddkf,gychg,w9hDv,RMhBfe,tgTcU,lAg79c,TH1Apc,FJm4Gb,SdcwHb,aW3pY,PQaYAf,P1S3zf,DM8swd,pw70Gc,EFQ78c,Ulmmrd,ZfAoz,mdR7q,Ivl8bd,kbLDWb,MdUzUe,I6YDgd,N5Lqpc,fgj8Rb,xQtZb,lPKSwe,y4Nztd,gJzDyc,JNoxi,MI6k7c,kjKdXe,texUgd,xGC4Gb,llTWPd,yDVVkb,E7GzYd,QIhFr,FYCkde,hKSk3e,FSOnAf,wfcdnd,cilABe,qexExd,DNsE7e,jdrlZe,khenvb,swpmp,gtEOic,wiZ2v,QQnX0,oUdseb,WWLNXd,sPwFo,CJeEuc,tZtmyd,Tnlgmf,dWHZee,sszRX,DPQwOe,DDvSYd,NNJERe,KG2eXe,hc6Ubd,CvtcN,IVuTze,Lamzc,SpsfSb,Z7OaKe,cWjcJb,VwDzFe,LgZW9b,OdgxHf,zbML3c,zbU9W,alwr6,Ebsiqd,ixOrqc,dlck6b,kmkrAf,A7fCU,Uas9Hd,BVgquf,a9EW5e,JGjVRe,hIO81e,pjICDe, line 5522: Error: DisconnectedError, EndCause = 72
JavaScript error: https://meet.google.com/_/scs/mss-static/_/js/k=boq-rtc.MeetingsUi.es.ZY-wNq30fgk.2020.O/ck=boq-rtc.MeetingsUi.7eyXlSDaZoo.L.F4.O/am=ph4AOAQAGABQSwJdfzAAIQEEAwAA8IAGwj73_gAAAQA0MCA4A7D_F6gkACAA0BCAAAAA-AnIMCgBAAI/d=1/exm=LEikZe,_b,_tp,byfTOb,lsjVmc/excm=_b,_tp,calldesktoppageview/esmo=1/ed=1/wt=2/rs=AL5CKSGLWPfU62NGC6PJY-eW8hFPQtcVtg/m=n73qwf,ws9Tlc,IZT63,e5qFLc,GkRiKb,UUJqVe,O1Gjze,xUdipf,blwjVc,fKUV3e,aurFic,COQbmf,U0aPgd,ZwDk9d,V3dDOb,mI3LFb,XU5LFb,m9oV,hl,rrm,jKHFJb,WO9ee,T6U9J,lHoXXe,SFhYHb,qIJF2,rsr,sVRBvb,AePfdf,KiD3i,RqS4qe,t8N1l,ABMzYd,k2r0oe,nUMwj,FMq9Lb,O6y8ed,PrPYRd,MpJwZc,NwH0H,OmgaI,lazG7b,g9HNd,MsyKad,ma,tQz2Ve,XVMNvd,L1AAkb,KUM7Z,lfpdyf,Fl2dbf,fFdwef,Mh3sMc,GcAaod,rn9YO,Y0bgVb,s39S4,lwddkf,gychg,w9hDv,RMhBfe,tgTcU,lAg79c,TH1Apc,FJm4Gb,SdcwHb,aW3pY,PQaYAf,P1S3zf,DM8swd,pw70Gc,EFQ78c,Ulmmrd,ZfAoz,mdR7q,Ivl8bd,kbLDWb,MdUzUe,I6YDgd,N5Lqpc,fgj8Rb,xQtZb,lPKSwe,y4Nztd,gJzDyc,JNoxi,MI6k7c,kjKdXe,texUgd,xGC4Gb,llTWPd,yDVVkb,E7GzYd,QIhFr,FYCkde,hKSk3e,FSOnAf,wfcdnd,cilABe,qexExd,DNsE7e,jdrlZe,khenvb,swpmp,gtEOic,wiZ2v,QQnX0,oUdseb,WWLNXd,sPwFo,CJeEuc,tZtmyd,Tnlgmf,dWHZee,sszRX,DPQwOe,DDvSYd,NNJERe,KG2eXe,hc6Ubd,CvtcN,IVuTze,Lamzc,SpsfSb,Z7OaKe,cWjcJb,VwDzFe,LgZW9b,OdgxHf,zbML3c,zbU9W,alwr6,Ebsiqd,ixOrqc,dlck6b,kmkrAf,A7fCU,Uas9Hd,BVgquf,a9EW5e,JGjVRe,hIO81e,pjICDe, line 5522: Error: DisconnectedError, EndCause = 72
JavaScript error: , line 0: uncaught exception: Object
JavaScript error: , line 0: uncaught exception: Object
JavaScript error: , line 0: uncaught exception: Object
JavaScript error: , line 0: uncaught exception: Object
JavaScript error: , line 0: uncaught exception: Object
1633998133602	Marionette	INFO	Stopped listening on port 60474
JavaScript error: resource:///modules/Interactions.jsm, line 201: NS_ERROR_FAILURE: Component returned failure code: 0x80004005 (NS_ERROR_FAILURE) [nsIUserIdleService.removeIdleObserver]
console.warn: TopSitesFeed: Failed to fetch data from Contile server: NetworkError when attempting to fetch resource.
JavaScript error: chrome://remote/content/marionette/cert.js, line 55: NS_ERROR_NOT_AVAILABLE: Component returned failure code: 0x80040111 (NS_ERROR_NOT_AVAILABLE) [nsICertOverrideService.setDisableAllSecurityChecksAndLetAttackersInterceptMyData]
